nohup: ignoring input
/insaflu_web/INSaFLU
<QuerySet []>
Process does not exist
HAIL
{0: [1], 1: [2], 2: [5, 6], 5: [518], 6: [525], 518: [519], 519: [520], 520: [521], 521: [522], 522: [523], 523: [524], 524: [], 525: [526], 526: [527], 527: [528], 528: [529], 529: [530], 530: [531], 531: []}
COMPRESS TREE
{0: [5, 6], 5: [], 6: []}
[[0, (0, 1, 2)], [5, (5, 518, 519, 520, 521, 522, 523, 524)], [6, (6, 525, 526, 527, 528, 529, 530, 531)]]
                                                  node
0                                   (root, None, None)
1               (Viral enrichment, centrifuge, module)
2    (CENTRIFUGE_ARGS, --db /televir/mngs_benchmark...
5                 (Read classification, kaiju, module)
6            (Read classification, krakenuniq, module)
518  (KAIJU_ARGS, --db /televir/mngs_benchmark/ref_...
519                          (Assembly, raven, module)
520      (RAVEN_ARGS, -f 0.001 -k 21 -p 2 -w 5, param)
521            (Contig classification, blastn, module)
522  (BLASTN_ARGS, --db /televir/mngs_benchmark/ref...
523                      (Remapping, minimap2, module)
524  (MINIMAP2_ARGS, --secondary=no  -ax map-ont , ...
525  (KRAKENUNIQ_ARGS, --db /televir/mngs_benchmark...
526                          (Assembly, raven, module)
527      (RAVEN_ARGS, -f 0.001 -k 21 -p 2 -w 5, param)
528            (Contig classification, blastn, module)
529  (BLASTN_ARGS, --db /televir/mngs_benchmark/ref...
530                      (Remapping, minimap2, module)
531  (MINIMAP2_ARGS, --secondary=no  -ax map-ont , ...
######
SPLIT TREE
{0: [1], 1: [5, 6], 5: [519], 6: [526], 519: [521], 521: [523], 523: [], 526: [528], 528: [530], 530: []}
[[0, (0,)], [1, (1, 2)], [5, (5, 518)], [519, (519, 520)], [521, (521, 522)], [523, (523, 524)], [6, (6, 525)], [526, (526, 527)], [528, (528, 529)], [530, (530, 531)]]
                                                  node
0                                   (root, None, None)
1               (Viral enrichment, centrifuge, module)
2    (CENTRIFUGE_ARGS, --db /televir/mngs_benchmark...
5                 (Read classification, kaiju, module)
6            (Read classification, krakenuniq, module)
518  (KAIJU_ARGS, --db /televir/mngs_benchmark/ref_...
519                          (Assembly, raven, module)
520      (RAVEN_ARGS, -f 0.001 -k 21 -p 2 -w 5, param)
521            (Contig classification, blastn, module)
522  (BLASTN_ARGS, --db /televir/mngs_benchmark/ref...
523                      (Remapping, minimap2, module)
524  (MINIMAP2_ARGS, --secondary=no  -ax map-ont , ...
525  (KRAKENUNIQ_ARGS, --db /televir/mngs_benchmark...
526                          (Assembly, raven, module)
527      (RAVEN_ARGS, -f 0.001 -k 21 -p 2 -w 5, param)
528            (Contig classification, blastn, module)
529  (BLASTN_ARGS, --db /televir/mngs_benchmark/ref...
530                      (Remapping, minimap2, module)
531  (MINIMAP2_ARGS, --secondary=no  -ax map-ont , ...
######
   parent  child
0       0      1
1       1      5
2       1      6
3       5    519
4     519    521
5     521    523
6       6    526
7     526    528
8     528    530
[[0, (0,)], [1, (1, 2)], [5, (5, 518)], [519, (519, 520)], [521, (521, 522)], [523, (523, 524)], [6, (6, 525)], [526, (526, 527)], [528, (528, 529)], [530, (530, 531)]]
#########
node [0, (0,)]
parent_node 0
child_node [1]
same_module_branches [{'branch': [[0, 1]], 'exit': (0, 1)}]
#########
node [1, (1, 2)]
parent_node 0
child_node [5 6]
same_module_branches [{'branch': (1,), 'exit': (1, 5)}, {'branch': (1,), 'exit': (1, 6)}]
#########
node [5, (5, 518)]
parent_node 1
child_node [519]
same_module_branches [{'branch': (5,), 'exit': (5, 519)}]
#########
node [519, (519, 520)]
parent_node 5
child_node [521]
same_module_branches [{'branch': (519,), 'exit': (519, 521)}]
#########
node [521, (521, 522)]
parent_node 519
child_node [523]
same_module_branches [{'branch': (521,), 'exit': (521, 523)}]
#########
node [523, (523, 524)]
parent_node 521
child_node []
same_module_branches []
#########
node [6, (6, 525)]
parent_node 1
child_node [526]
same_module_branches [{'branch': (6,), 'exit': (6, 526)}]
#########
node [526, (526, 527)]
parent_node 6
child_node [528]
same_module_branches [{'branch': (526,), 'exit': (526, 528)}]
#########
node [528, (528, 529)]
parent_node 526
child_node [530]
same_module_branches [{'branch': (528,), 'exit': (528, 530)}]
#########
node [530, (530, 531)]
parent_node 528
child_node []
same_module_branches []
registering node:  0 leaves:  [523, 530]
Module: Remapping, Software: minimap2, Args: --secondary=no  -ax map-ont , DB: , Bin: /televir/mngs_benchmark/mngs_environments/hostDepletion/hostdep_env/bin, Dir: /tmp/insaFlu/influ_path_12970_22883580/televir_projects/7/136/93/93_inf7/remap/
METHOD ARGS
       parameter                         value   flag  software     module
1  MINIMAP2_ARGS  --secondary=no  -ax map-ont   param  minimap2  Remapping
1  MINIMAP2_ARGS  --secondary=no  -ax map-ont   param  minimap2  Remapping
Module: Remapping, Software: minimap2, Args: --secondary=no  -ax map-ont , DB: , Bin: /televir/mngs_benchmark/mngs_environments/hostDepletion/hostdep_env/bin, Dir: /tmp/insaFlu/influ_path_12970_22883580/televir_projects/7/136/93/93_inf7/remap/
Submitting node run: 523
registering node
Registration success: True
Module: Remapping, Software: minimap2, Args: --secondary=no  -ax map-ont , DB: , Bin: /televir/mngs_benchmark/mngs_environments/hostDepletion/hostdep_env/bin, Dir: /tmp/insaFlu/influ_path_12970_22883580/televir_projects/7/136/93/93_inf7/remap/
METHOD ARGS
       parameter                         value   flag  software     module
1  MINIMAP2_ARGS  --secondary=no  -ax map-ont   param  minimap2  Remapping
1  MINIMAP2_ARGS  --secondary=no  -ax map-ont   param  minimap2  Remapping
Module: Remapping, Software: minimap2, Args: --secondary=no  -ax map-ont , DB: , Bin: /televir/mngs_benchmark/mngs_environments/hostDepletion/hostdep_env/bin, Dir: /tmp/insaFlu/influ_path_12970_22883580/televir_projects/7/136/93/93_inf7/remap/
Submitting node run: 530
registering node
Registration success: True
leaves:  {0: [1], 1: [5, 6], 5: [519], 6: [526], 519: [521], 521: [523], 523: [], 526: [528], 528: [530], 530: []}
NEXT
1
root
[0]
[[1]]
Module: Viral enrichment, Software: centrifuge, Args: --min-hitlen 20 -k 5, DB: /televir/mngs_benchmark/ref_db/centrifuge/viral/viral_index, Bin: /televir/mngs_benchmark/mngs_environments/hostDepletion/hostdep_env/bin, Dir: /tmp/insaFlu/influ_path_12970_22883580/televir_projects/7/136/93/93_inf7/enrichment/
METHOD ARGS
         parameter  ...            module
1  CENTRIFUGE_ARGS  ...  Viral enrichment
1  CENTRIFUGE_ARGS  ...  Viral enrichment

[2 rows x 5 columns]
Module: Viral enrichment, Software: centrifuge, Args: --min-hitlen 20 -k 5, DB: /televir/mngs_benchmark/ref_db/centrifuge/viral/viral_index, Bin: /televir/mngs_benchmark/mngs_environments/hostDepletion/hostdep_env/bin, Dir: /tmp/insaFlu/influ_path_12970_22883580/televir_projects/7/136/93/93_inf7/enrichment/
NEXT
1
Viral enrichment
[1]
[[5, 6]]
current total
12738
0
running: /televir/mngs_benchmark/mngs_environments/preprocess/preproc/bin/bgzip /tmp/insaFlu/influ_path_12970_22883580/televir_projects/7/136/93/93_inf7/reads/clean/temp_second_765.fastq
running: /televir/mngs_benchmark/mngs_environments/hostDepletion/hostdep_env/bin/centrifuge -x /televir/mngs_benchmark/ref_db/centrifuge/viral/viral_index --threads 5 -U /tmp/insaFlu/influ_path_12970_22883580/televir_projects/7/136/93/93_inf7/reads/clean/inf7stq.clean.fastq.gz -S /tmp/insaFlu/influ_path_12970_22883580/televir_projects/7/136/93/93_inf7/enrichment/centrifuge.run_leaf_1/run_leaf_1.centrifuge --report-file /tmp/insaFlu/influ_path_12970_22883580/televir_projects/7/136/93/93_inf7/enrichment/centrifuge.run_leaf_1/run_leaf_1.report.tsv --out-fmt sam --time --min-hitlen 20 -k 5
###### classification report ######
run_leaf_1
                                     qseqid          acc
2      ac403610-d500-457f-b7e4-56bdb716d4ad  NC_026436.1
3      5130cfd9-0895-46e6-af3d-2da8ef144713  NC_026437.1
4      34e40652-f207-43a6-9a0c-885c00d70538  NC_026438.1
9      770c946e-b3b1-476a-a61b-8e54e01adff9  NC_026438.1
10     695f3777-29ff-4a16-b448-91b10a0e0ef7  NC_026433.1
...                                     ...          ...
12740  b0faf9af-0c07-4daf-8367-b731d16bdc50  NC_026438.1
12741  a6b31440-6156-4416-87de-97cc11fda6e2  NC_026437.1
12742  e5d94d3d-e3c5-4412-9a92-37c8823697f4  NC_026435.1
12744  c10728ce-5766-41be-b69b-fd795785e725  NC_026435.1
12747  8f12239f-354b-471c-b6dd-d86fe5c87745  NC_026437.1

[7934 rows x 2 columns]
3962
running: /televir/mngs_benchmark/mngs_environments/preprocess/preproc/bin/seqtk subseq /tmp/insaFlu/influ_path_12970_22883580/televir_projects/7/136/93/93_inf7/reads/clean/inf7stq.clean.fastq.gz /tmp/insaFlu/influ_path_12970_22883580/televir_projects/7/136/93/93_inf7/reads/enriched/temp_3551705.lst | gzip > /tmp/insaFlu/influ_path_12970_22883580/televir_projects/7/136/93/93_inf7/reads/enriched/inf7stq.enriched.fastq.gz
timeout: 18000 seconds
running: /televir/mngs_benchmark/mngs_environments/preprocess/preproc/bin/seqkit rmdup -n /tmp/insaFlu/influ_path_12970_22883580/televir_projects/7/136/93/93_inf7/reads/enriched/inf7stq.enriched.fastq.gz -o /tmp/insaFlu/influ_path_12970_22883580/televir_projects/7/136/93/93_inf7/reads/enriched/temp_rmdup_508.fq.gz
registering node:  1 leaves:  [523, 530]
METHOD ARGS
         parameter  ...            module
1  CENTRIFUGE_ARGS  ...  Viral enrichment
1  CENTRIFUGE_ARGS  ...  Viral enrichment
1    MINIMAP2_ARGS  ...         Remapping

[3 rows x 5 columns]
Module: Remapping, Software: minimap2, Args: --secondary=no  -ax map-ont , DB: , Bin: /televir/mngs_benchmark/mngs_environments/hostDepletion/hostdep_env/bin, Dir: /tmp/insaFlu/influ_path_12970_22883580/televir_projects/7/136/93/93_inf7/remap/
Submitting node run: 523
registering node
Registration success: True
METHOD ARGS
         parameter  ...            module
1  CENTRIFUGE_ARGS  ...  Viral enrichment
1  CENTRIFUGE_ARGS  ...  Viral enrichment
1    MINIMAP2_ARGS  ...         Remapping

[3 rows x 5 columns]
Module: Remapping, Software: minimap2, Args: --secondary=no  -ax map-ont , DB: , Bin: /televir/mngs_benchmark/mngs_environments/hostDepletion/hostdep_env/bin, Dir: /tmp/insaFlu/influ_path_12970_22883580/televir_projects/7/136/93/93_inf7/remap/
Submitting node run: 530
registering node
Registration success: True
METHOD ARGS
         parameter  ...               module
1  CENTRIFUGE_ARGS  ...     Viral enrichment
1  CENTRIFUGE_ARGS  ...     Viral enrichment
1       KAIJU_ARGS  ...  Read classification

[3 rows x 5 columns]
Module: Read classification, Software: kaiju, Args: -X  -e 3 -s 65, DB: /televir/mngs_benchmark/ref_db/kaiju/viral/kaiju_db_viruses.fmi, Bin: /televir/mngs_benchmark/mngs_environments/hostDepletion/hostdep_env/bin, Dir: /tmp/insaFlu/influ_path_12970_22883580/televir_projects/7/136/93/93_inf7/classification/reads/
METHOD ARGS
         parameter  ...               module
1  CENTRIFUGE_ARGS  ...     Viral enrichment
1  CENTRIFUGE_ARGS  ...     Viral enrichment
1  KRAKENUNIQ_ARGS  ...  Read classification

[3 rows x 5 columns]
Module: Read classification, Software: krakenuniq, Args: , DB: /televir/mngs_benchmark/ref_db/kuniq/viral, Bin: /televir/mngs_benchmark/mngs_environments/hostDepletion/hostdep_env/bin, Dir: /tmp/insaFlu/influ_path_12970_22883580/televir_projects/7/136/93/93_inf7/classification/reads/
NEXT
2
Read classification
[5, 6]
[[519], [526]]
node: 5
Sample source: ('/tmp/insaFlu/influ_path_12970_22883580/televir_projects/7/136/93/93_inf7/reads/inf7.fastq.gz', '')
node: 6
Sample source: ('/tmp/insaFlu/influ_path_12970_22883580/televir_projects/7/136/93/93_inf7/reads/inf7.fastq.gz', '')
########### GROUPED NODES ###########
{0: {'source': ('/tmp/insaFlu/influ_path_12970_22883580/televir_projects/7/136/93/93_inf7/reads/inf7.fastq.gz', ''), 'parameters':     parameter  ...               module
1  KAIJU_ARGS  ...  Read classification

[1 rows x 5 columns], 'nodes': [<pathogen_identification.utilities.tree_deployment.Tree_Node object at 0x7f52047e7e10>]}, 1: {'source': ('/tmp/insaFlu/influ_path_12970_22883580/televir_projects/7/136/93/93_inf7/reads/inf7.fastq.gz', ''), 'parameters':          parameter  ...               module
1  KRAKENUNIQ_ARGS  ...  Read classification

[1 rows x 5 columns], 'nodes': [<pathogen_identification.utilities.tree_deployment.Tree_Node object at 0x7f520475c9e8>]}}
########## STACKED DEPLOYMENT CLASSIFICATION ##########
[[<pathogen_identification.utilities.tree_deployment.Tree_Node object at 0x7f52047e7e10>], [<pathogen_identification.utilities.tree_deployment.Tree_Node object at 0x7f520475c9e8>]]
volonteer: 5
running: /televir/mngs_benchmark/mngs_environments/hostDepletion/hostdep_env/bin/kaiju -t /televir/mngs_benchmark/ref_db/kaiju/viral/nodes.dmp -f /televir/mngs_benchmark/ref_db/kaiju/viral/kaiju_db_viruses.fmi -i /tmp/insaFlu/influ_path_12970_22883580/televir_projects/7/136/93/93_inf7/reads/enriched/inf7stq.enriched.fastq.gz -o /tmp/insaFlu/influ_path_12970_22883580/televir_projects/7/136/93/93_inf7/classification/reads/kaiju.run_leaf_5/run_leaf_5.kaiju.out -z 5 -X  -e 3 -s 65
###### classification report ######
run_leaf_5
                                    qseqid   taxid
0     770c946e-b3b1-476a-a61b-8e54e01adff9   11320
1     91712841-7bf8-43ed-94d6-ba075b0c82a7  641809
2     ff3763b3-4f24-4e16-b1a7-fdce37485a75   11320
3     533ba392-5020-4432-b821-1e77c261c62e   11320
4     cd96b1f6-5611-4042-9b0b-69881bada29b  641809
...                                    ...     ...
3957  030e64dd-09c4-4b21-8a9e-a44124b9f762  641809
3958  bcad6226-7382-4e16-93a4-90e0cf9f8647   11320
3959  cbdfc767-2ab6-4eaa-b212-1087978a1cf6   11320
3960  90ddc3c2-d3bc-4903-a96e-39816e04bc20       0
3961  865d7b9b-5ee7-43e5-9036-39c5ac613644  641809

[3962 rows x 2 columns]
3962
run_success: True
volonteer: 6
running: /televir/mngs_benchmark/mngs_environments/hostDepletion/hostdep_env/bin/krakenuniq --db /televir/mngs_benchmark/ref_db/kuniq/viral --threads 5 --gzip-compressed --fastq-input  --output /tmp/insaFlu/influ_path_12970_22883580/televir_projects/7/136/93/93_inf7/classification/reads/krakenuniq.run_leaf_6/run_leaf_6.tsv /tmp/insaFlu/influ_path_12970_22883580/televir_projects/7/136/93/93_inf7/reads/enriched/inf7stq.enriched.fastq.gz
###### classification report ######
run_leaf_6
                                    qseqid      protid
0     5130cfd9-0895-46e6-af3d-2da8ef144713  1000006494
1     34e40652-f207-43a6-9a0c-885c00d70538  1000006492
2     ac403610-d500-457f-b7e4-56bdb716d4ad  1000006496
3     770c946e-b3b1-476a-a61b-8e54e01adff9  1000006492
4     695f3777-29ff-4a16-b448-91b10a0e0ef7  1000006495
...                                    ...         ...
3957  ea95d708-3b77-4c36-aead-fef15aedae02  1000006492
3958  93e1a0f6-e307-4ce5-ac2b-2c042c0051c7  1000006495
3959  0acc9687-cef1-4c69-a97a-273a2b9bd3ae  1000006493
3960  5747c085-cba9-46ef-aa8b-b92658d4c351  1000006495
3961  f8e7c56f-43f9-46ad-9e8c-c974381f59c0  1000006492

[3962 rows x 2 columns]
3962
run_success: True
RAN CLASSIFICATION
registering node:  5 leaves:  [523]
METHOD ARGS
         parameter  ...               module
1  CENTRIFUGE_ARGS  ...     Viral enrichment
1  CENTRIFUGE_ARGS  ...     Viral enrichment
1       KAIJU_ARGS  ...  Read classification
1    MINIMAP2_ARGS  ...            Remapping

[4 rows x 5 columns]
Module: Remapping, Software: minimap2, Args: --secondary=no  -ax map-ont , DB: , Bin: /televir/mngs_benchmark/mngs_environments/hostDepletion/hostdep_env/bin, Dir: /tmp/insaFlu/influ_path_12970_22883580/televir_projects/7/136/93/93_inf7/remap/
Submitting node run: 523
registering node
Registration success: True
registering node:  6 leaves:  [530]
METHOD ARGS
         parameter  ...               module
1  CENTRIFUGE_ARGS  ...     Viral enrichment
1  CENTRIFUGE_ARGS  ...     Viral enrichment
1  KRAKENUNIQ_ARGS  ...  Read classification
1    MINIMAP2_ARGS  ...            Remapping

[4 rows x 5 columns]
Module: Remapping, Software: minimap2, Args: --secondary=no  -ax map-ont , DB: , Bin: /televir/mngs_benchmark/mngs_environments/hostDepletion/hostdep_env/bin, Dir: /tmp/insaFlu/influ_path_12970_22883580/televir_projects/7/136/93/93_inf7/remap/
Submitting node run: 530
registering node
Registration success: True
METHOD ARGS
         parameter  ...               module
1  CENTRIFUGE_ARGS  ...     Viral enrichment
1  CENTRIFUGE_ARGS  ...     Viral enrichment
1       KAIJU_ARGS  ...  Read classification
1       RAVEN_ARGS  ...             Assembly

[4 rows x 5 columns]
Module: Assembly, Software: raven, Args: -f 0.001 -k 21 -p 2 -w 5, DB: , Bin: /televir/mngs_benchmark/mngs_environments/assembly/assembly/bin, Dir: /tmp/insaFlu/influ_path_12970_22883580/televir_projects/7/136/93/93_inf7/assembly/
METHOD ARGS
         parameter  ...               module
1  CENTRIFUGE_ARGS  ...     Viral enrichment
1  CENTRIFUGE_ARGS  ...     Viral enrichment
1  KRAKENUNIQ_ARGS  ...  Read classification
1       RAVEN_ARGS  ...             Assembly

[4 rows x 5 columns]
Module: Assembly, Software: raven, Args: -f 0.001 -k 21 -p 2 -w 5, DB: , Bin: /televir/mngs_benchmark/mngs_environments/assembly/assembly/bin, Dir: /tmp/insaFlu/influ_path_12970_22883580/televir_projects/7/136/93/93_inf7/assembly/
NEXT
2
Assembly
[519, 526]
[[521], [528]]
PERFORMING ASSEMBLY
Assembly file does not exist, running Raven
running: /televir/mngs_benchmark/mngs_environments/assembly/assembly/bin/raven -t 5 --disable-checkpoints --graphical-fragment-assembly /tmp/insaFlu/influ_path_12970_22883580/televir_projects/7/136/93/93_inf7/assembly/raven.run_leaf_519/assembly.gfa -f 0.001 -k 21 -p 2 -w 5 /tmp/insaFlu/influ_path_12970_22883580/televir_projects/7/136/93/93_inf7/reads/enriched/inf7stq.enriched.fastq.gz
running: /televir/mngs_benchmark/mngs_environments/remap/remap/bin/bgzip -c /tmp/insaFlu/influ_path_12970_22883580/televir_projects/7/136/93/93_inf7/assembly/run_leaf_519.fasta > /tmp/insaFlu/influ_path_12970_22883580/televir_projects/7/136/93/93_inf7/assembly/run_leaf_519.fasta.gz
running: /televir/mngs_benchmark/mngs_environments/remap/remap/bin/samtools faidx /tmp/insaFlu/influ_path_12970_22883580/televir_projects/7/136/93/93_inf7/assembly/run_leaf_519.fasta.gz
PERFORMING ASSEMBLY
Assembly file does not exist, running Raven
running: /televir/mngs_benchmark/mngs_environments/assembly/assembly/bin/raven -t 5 --disable-checkpoints --graphical-fragment-assembly /tmp/insaFlu/influ_path_12970_22883580/televir_projects/7/136/93/93_inf7/assembly/raven.run_leaf_526/assembly.gfa -f 0.001 -k 21 -p 2 -w 5 /tmp/insaFlu/influ_path_12970_22883580/televir_projects/7/136/93/93_inf7/reads/enriched/inf7stq.enriched.fastq.gz
running: /televir/mngs_benchmark/mngs_environments/remap/remap/bin/bgzip -c /tmp/insaFlu/influ_path_12970_22883580/televir_projects/7/136/93/93_inf7/assembly/run_leaf_526.fasta > /tmp/insaFlu/influ_path_12970_22883580/televir_projects/7/136/93/93_inf7/assembly/run_leaf_526.fasta.gz
running: /televir/mngs_benchmark/mngs_environments/remap/remap/bin/samtools faidx /tmp/insaFlu/influ_path_12970_22883580/televir_projects/7/136/93/93_inf7/assembly/run_leaf_526.fasta.gz
registering node:  519 leaves:  [523]
METHOD ARGS
         parameter  ...               module
1  CENTRIFUGE_ARGS  ...     Viral enrichment
1  CENTRIFUGE_ARGS  ...     Viral enrichment
1       KAIJU_ARGS  ...  Read classification
1       RAVEN_ARGS  ...             Assembly
1    MINIMAP2_ARGS  ...            Remapping

[5 rows x 5 columns]
Module: Remapping, Software: minimap2, Args: --secondary=no  -ax map-ont , DB: , Bin: /televir/mngs_benchmark/mngs_environments/hostDepletion/hostdep_env/bin, Dir: /tmp/insaFlu/influ_path_12970_22883580/televir_projects/7/136/93/93_inf7/remap/
Submitting node run: 523
registering node
Registration success: True
##### UPDATING ASSEMBLY DBS ######
raven
registering node:  526 leaves:  [530]
METHOD ARGS
         parameter  ...               module
1  CENTRIFUGE_ARGS  ...     Viral enrichment
1  CENTRIFUGE_ARGS  ...     Viral enrichment
1  KRAKENUNIQ_ARGS  ...  Read classification
1       RAVEN_ARGS  ...             Assembly
1    MINIMAP2_ARGS  ...            Remapping

[5 rows x 5 columns]
Module: Remapping, Software: minimap2, Args: --secondary=no  -ax map-ont , DB: , Bin: /televir/mngs_benchmark/mngs_environments/hostDepletion/hostdep_env/bin, Dir: /tmp/insaFlu/influ_path_12970_22883580/televir_projects/7/136/93/93_inf7/remap/
Submitting node run: 530
registering node
Registration success: True
##### UPDATING ASSEMBLY DBS ######
raven
METHOD ARGS
         parameter  ...                 module
1  CENTRIFUGE_ARGS  ...       Viral enrichment
1  CENTRIFUGE_ARGS  ...       Viral enrichment
1       KAIJU_ARGS  ...    Read classification
1       RAVEN_ARGS  ...               Assembly
1      BLASTN_ARGS  ...  Contig classification

[5 rows x 5 columns]
Module: Contig classification, Software: blastn, Args: -evalue 1e-5 -max_target_seqs 5, DB: /televir/mngs_benchmark/ref_db/blast/NUC/refseq_viral_genome, Bin: /televir/mngs_benchmark/mngs_environments/hostDepletion/hostdep_env/bin, Dir: /tmp/insaFlu/influ_path_12970_22883580/televir_projects/7/136/93/93_inf7/classification/assembly/
METHOD ARGS
         parameter  ...                 module
1  CENTRIFUGE_ARGS  ...       Viral enrichment
1  CENTRIFUGE_ARGS  ...       Viral enrichment
1  KRAKENUNIQ_ARGS  ...    Read classification
1       RAVEN_ARGS  ...               Assembly
1      BLASTN_ARGS  ...  Contig classification

[5 rows x 5 columns]
Module: Contig classification, Software: blastn, Args: -evalue 1e-5 -max_target_seqs 5, DB: /televir/mngs_benchmark/ref_db/blast/NUC/refseq_viral_genome, Bin: /televir/mngs_benchmark/mngs_environments/hostDepletion/hostdep_env/bin, Dir: /tmp/insaFlu/influ_path_12970_22883580/televir_projects/7/136/93/93_inf7/classification/assembly/
NEXT
2
Contig classification
[521, 528]
[[523], [530]]
running: /televir/mngs_benchmark/mngs_environments/hostDepletion/hostdep_env/bin/blastn -db refseq_viral_genome -query /tmp/insaFlu/influ_path_12970_22883580/televir_projects/7/136/93/93_inf7/classification/assembly/blastn.run_leaf_521/run_leaf_521.temp_read.fasta -outfmt 6 -out /tmp/insaFlu/influ_path_12970_22883580/televir_projects/7/136/93/93_inf7/classification/assembly/blastn.run_leaf_521/run_leaf_521.blast_results.tsv -num_threads 5 -evalue 1e-5 -max_target_seqs 5
###### classification report ######
run_leaf_521
   qseqid          acc
0   Ctg66  NC_026438.1
1   Ctg66  NC_026438.1
2   Ctg66  NC_026438.1
3   Ctg66  NC_002023.1
4   Ctg66  NC_007357.1
5   Ctg66  NC_007357.1
6   Ctg66  NC_007378.1
7   Ctg66  NC_007373.1
8   Ctg68  NC_026435.1
9   Ctg68  NC_007372.1
10  Ctg68  NC_007375.1
11  Ctg68  NC_004911.1
12  Ctg68  NC_007358.1
13  Ctg70  NC_026436.1
14  Ctg72  NC_026433.1
15  Ctg74  NC_026437.1
16  Ctg74  NC_007359.1
17  Ctg74  NC_026424.1
18  Ctg74  NC_004912.1
5
TAXID LIMIT:  15
running: /televir/mngs_benchmark/mngs_environments/hostDepletion/hostdep_env/bin/blastn -db refseq_viral_genome -query /tmp/insaFlu/influ_path_12970_22883580/televir_projects/7/136/93/93_inf7/classification/assembly/blastn.run_leaf_528/run_leaf_528.temp_read.fasta -outfmt 6 -out /tmp/insaFlu/influ_path_12970_22883580/televir_projects/7/136/93/93_inf7/classification/assembly/blastn.run_leaf_528/run_leaf_528.blast_results.tsv -num_threads 5 -evalue 1e-5 -max_target_seqs 5
###### classification report ######
run_leaf_528
   qseqid          acc
0   Ctg66  NC_026438.1
1   Ctg66  NC_026438.1
2   Ctg66  NC_026438.1
3   Ctg66  NC_002023.1
4   Ctg66  NC_007357.1
5   Ctg66  NC_007357.1
6   Ctg66  NC_007378.1
7   Ctg66  NC_007373.1
8   Ctg68  NC_026435.1
9   Ctg68  NC_007372.1
10  Ctg68  NC_007375.1
11  Ctg68  NC_004911.1
12  Ctg68  NC_007358.1
13  Ctg70  NC_026436.1
14  Ctg72  NC_026433.1
15  Ctg74  NC_026437.1
16  Ctg74  NC_007359.1
17  Ctg74  NC_026424.1
18  Ctg74  NC_004912.1
5
TAXID LIMIT:  15
registering node:  521 leaves:  [523]
METHOD ARGS
         parameter  ...                 module
1  CENTRIFUGE_ARGS  ...       Viral enrichment
1  CENTRIFUGE_ARGS  ...       Viral enrichment
1       KAIJU_ARGS  ...    Read classification
1       RAVEN_ARGS  ...               Assembly
1      BLASTN_ARGS  ...  Contig classification
1    MINIMAP2_ARGS  ...              Remapping

[6 rows x 5 columns]
Module: Remapping, Software: minimap2, Args: --secondary=no  -ax map-ont , DB: , Bin: /televir/mngs_benchmark/mngs_environments/hostDepletion/hostdep_env/bin, Dir: /tmp/insaFlu/influ_path_12970_22883580/televir_projects/7/136/93/93_inf7/remap/
Submitting node run: 523
registering node
Registration success: True
##### UPDATING ASSEMBLY DBS ######
raven
##### UPDATING CLASSIFICATION DBS ######
Remapping
registering node:  528 leaves:  [530]
METHOD ARGS
         parameter  ...                 module
1  CENTRIFUGE_ARGS  ...       Viral enrichment
1  CENTRIFUGE_ARGS  ...       Viral enrichment
1  KRAKENUNIQ_ARGS  ...    Read classification
1       RAVEN_ARGS  ...               Assembly
1      BLASTN_ARGS  ...  Contig classification
1    MINIMAP2_ARGS  ...              Remapping

[6 rows x 5 columns]
Module: Remapping, Software: minimap2, Args: --secondary=no  -ax map-ont , DB: , Bin: /televir/mngs_benchmark/mngs_environments/hostDepletion/hostdep_env/bin, Dir: /tmp/insaFlu/influ_path_12970_22883580/televir_projects/7/136/93/93_inf7/remap/
Submitting node run: 530
registering node
Registration success: True
##### UPDATING ASSEMBLY DBS ######
raven
##### UPDATING CLASSIFICATION DBS ######
Remapping
METHOD ARGS
         parameter  ...                 module
1  CENTRIFUGE_ARGS  ...       Viral enrichment
1  CENTRIFUGE_ARGS  ...       Viral enrichment
1       KAIJU_ARGS  ...    Read classification
1       RAVEN_ARGS  ...               Assembly
1      BLASTN_ARGS  ...  Contig classification
1    MINIMAP2_ARGS  ...              Remapping

[6 rows x 5 columns]
Module: Remapping, Software: minimap2, Args: --secondary=no  -ax map-ont , DB: , Bin: /televir/mngs_benchmark/mngs_environments/hostDepletion/hostdep_env/bin, Dir: /tmp/insaFlu/influ_path_12970_22883580/televir_projects/7/136/93/93_inf7/remap/
METHOD ARGS
         parameter  ...                 module
1  CENTRIFUGE_ARGS  ...       Viral enrichment
1  CENTRIFUGE_ARGS  ...       Viral enrichment
1  KRAKENUNIQ_ARGS  ...    Read classification
1       RAVEN_ARGS  ...               Assembly
1      BLASTN_ARGS  ...  Contig classification
1    MINIMAP2_ARGS  ...              Remapping

[6 rows x 5 columns]
Module: Remapping, Software: minimap2, Args: --secondary=no  -ax map-ont , DB: , Bin: /televir/mngs_benchmark/mngs_environments/hostDepletion/hostdep_env/bin, Dir: /tmp/insaFlu/influ_path_12970_22883580/televir_projects/7/136/93/93_inf7/remap/
NEXT
2
Remapping
[523, 530]
[[], []]
node: 523
Sample source: ('/tmp/insaFlu/influ_path_12970_22883580/televir_projects/7/136/93/93_inf7/reads/inf7.fastq.gz', '')
node: 530
Sample source: ('/tmp/insaFlu/influ_path_12970_22883580/televir_projects/7/136/93/93_inf7/reads/inf7.fastq.gz', '')
########### GROUPED NODES ###########
{0: {'source': ('/tmp/insaFlu/influ_path_12970_22883580/televir_projects/7/136/93/93_inf7/reads/inf7.fastq.gz', ''), 'parameters':        parameter                         value   flag  software     module
1  MINIMAP2_ARGS  --secondary=no  -ax map-ont   param  minimap2  Remapping, 'nodes': [<pathogen_identification.utilities.tree_deployment.Tree_Node object at 0x7f523dffec50>, <pathogen_identification.utilities.tree_deployment.Tree_Node object at 0x7f523da462e8>]}}
TAXID LIMIT:  15
TAXID LIMIT:  15
nodes:  [<pathogen_identification.utilities.tree_deployment.Tree_Node object at 0x7f523dffec50>, <pathogen_identification.utilities.tree_deployment.Tree_Node object at 0x7f523da462e8>]
group_targets
    index    taxid    counts         source
0       0   641809  2174 / 7  reads/contigs
1       1    11320      1336          reads
2       2   335341       106          reads
3       3   130760    55 / 2  reads/contigs
4       4   211044        54          reads
5       5  1332244    53 / 1  reads/contigs
6       6    93838        30          reads
7       7   488241        21          reads
8       8  2059380         2          reads
9       9   322019         1          reads
10     10    67082         1          reads
11      0   641809  3845 / 7  reads/contigs
12      1    35306      75.0          reads
13      2   159150      27.0          reads
14      3    93838       2.0          reads
15      4   335341       2.0          reads
16      5   130760     1 / 2  reads/contigs
17      6    67082       1.0          reads
18      7   211044       1.0          reads
19      8  1332244       1.0        contigs
running_main
True
TAXID LIMIT:  15
TAXID LIMIT:  15
merged targets:        taxid    counts         source
0    641809  2174 / 7  reads/contigs
1     11320      1336          reads
2    335341       106          reads
3    130760    55 / 2  reads/contigs
4    211044        54          reads
5   1332244    53 / 1  reads/contigs
6     93838        30          reads
7    488241        21          reads
8   2059380         2          reads
9    322019         1          reads
10    67082         1          reads
running: /televir/mngs_benchmark/mngs_environments/remap/remap/bin/samtools faidx /televir/mngs_benchmark/ref_fasta/refseq-viral.dust.fna.gz 'NC_026438.1' >> /tmp/insaFlu/influ_path_12970_22883580/televir_projects/7/136/93/93_inf7/remap/run_leaf_1_NC_026438_1_641809_refseq-viral.dust.fna/reference/run_leaf_523_NC_026438_1_ref.fa
running: /televir/mngs_benchmark/mngs_environments/remap/remap/bin/samtools faidx /tmp/insaFlu/influ_path_12970_22883580/televir_projects/7/136/93/93_inf7/remap/run_leaf_1_NC_026438_1_641809_refseq-viral.dust.fna/reference/run_leaf_523_NC_026438_1_ref.fa
running: /televir/mngs_benchmark/mngs_environments/hostDepletion/hostdep_env/bin/minimap2 --secondary=no  -ax map-ont  -t 5 -ax map-ont /tmp/insaFlu/influ_path_12970_22883580/televir_projects/7/136/93/93_inf7/remap/run_leaf_1_NC_026438_1_641809_refseq-viral.dust.fna/reference/run_leaf_523_NC_026438_1_ref.fa /tmp/insaFlu/influ_path_12970_22883580/televir_projects/7/136/93/93_inf7/reads/enriched/inf7stq.enriched.fastq.gz > /tmp/insaFlu/influ_path_12970_22883580/televir_projects/7/136/93/93_inf7/remap/run_leaf_1_NC_026438_1_641809_refseq-viral.dust.fna/reference/run_leaf_523.sam
running: /televir/mngs_benchmark/mngs_environments/remap/remap/bin/samtools view -bS /tmp/insaFlu/influ_path_12970_22883580/televir_projects/7/136/93/93_inf7/remap/run_leaf_1_NC_026438_1_641809_refseq-viral.dust.fna/reference/run_leaf_523.sam > /tmp/insaFlu/influ_path_12970_22883580/televir_projects/7/136/93/93_inf7/remap/run_leaf_1_NC_026438_1_641809_refseq-viral.dust.fna/reference/run_leaf_523.bam
running: /televir/mngs_benchmark/mngs_environments/remap/remap/bin/samtools sort /tmp/insaFlu/influ_path_12970_22883580/televir_projects/7/136/93/93_inf7/remap/run_leaf_1_NC_026438_1_641809_refseq-viral.dust.fna/reference/run_leaf_523.bam -o /tmp/insaFlu/influ_path_12970_22883580/televir_projects/7/136/93/93_inf7/remap/run_leaf_1_NC_026438_1_641809_refseq-viral.dust.fna/reference/run_leaf_523.NC_026438_1.sorted.bam
running: /televir/mngs_benchmark/mngs_environments/remap/remap/bin/samtools index /tmp/insaFlu/influ_path_12970_22883580/televir_projects/7/136/93/93_inf7/remap/run_leaf_1_NC_026438_1_641809_refseq-viral.dust.fna/reference/run_leaf_523.NC_026438_1.sorted.bam
running: /televir/mngs_benchmark/mngs_environments/remap/remap/bin/samtools mpileup -f /tmp/insaFlu/influ_path_12970_22883580/televir_projects/7/136/93/93_inf7/remap/run_leaf_1_NC_026438_1_641809_refseq-viral.dust.fna/reference/run_leaf_523_NC_026438_1_ref.fa /tmp/insaFlu/influ_path_12970_22883580/televir_projects/7/136/93/93_inf7/remap/run_leaf_1_NC_026438_1_641809_refseq-viral.dust.fna/reference/run_leaf_523.NC_026438_1.sorted.bam > /tmp/insaFlu/influ_path_12970_22883580/televir_projects/7/136/93/93_inf7/remap/run_leaf_1_NC_026438_1_641809_refseq-viral.dust.fna/reference/run_leaf_523.vcf
running: /televir/mngs_benchmark/mngs_environments/remap/remap/bin/bedtools genomecov -ibam /tmp/insaFlu/influ_path_12970_22883580/televir_projects/7/136/93/93_inf7/remap/run_leaf_1_NC_026438_1_641809_refseq-viral.dust.fna/reference/run_leaf_523.NC_026438_1.sorted.bam -bga > /tmp/insaFlu/influ_path_12970_22883580/televir_projects/7/136/93/93_inf7/remap/run_leaf_1_NC_026438_1_641809_refseq-viral.dust.fna/reference/run_leaf_523.sorted.bedgraph
running: /televir/mngs_benchmark/mngs_environments/remap/remap/bin/samtools view -b -F 4 /tmp/insaFlu/influ_path_12970_22883580/televir_projects/7/136/93/93_inf7/remap/run_leaf_1_NC_026438_1_641809_refseq-viral.dust.fna/reference/run_leaf_523.NC_026438_1.sorted.bam > /tmp/insaFlu/influ_path_12970_22883580/televir_projects/7/136/93/93_inf7/remap/run_leaf_1_NC_026438_1_641809_refseq-viral.dust.fna/reference/temp1626.bam
timeout: 18000 seconds
timeout: 18000 seconds
timeout: 18000 seconds
timeout: 18000 seconds
running: /televir/mngs_benchmark/mngs_environments/remap/remap/bin/minimap2 -t 5 -cx asm10 /tmp/insaFlu/influ_path_12970_22883580/televir_projects/7/136/93/93_inf7/remap/run_leaf_1_NC_026438_1_641809_refseq-viral.dust.fna/reference/run_leaf_523_NC_026438_1_ref.fa /tmp/insaFlu/influ_path_12970_22883580/televir_projects/7/136/93/93_inf7/assembly/run_leaf_519.fasta.gz > /tmp/insaFlu/influ_path_12970_22883580/televir_projects/7/136/93/93_inf7/remap/run_leaf_1_NC_026438_1_641809_refseq-viral.dust.fna/reference/run_leaf_523_NC_026438_1.paf
running: /televir/mngs_benchmark/mngs_environments/remap/remap/bin/samtools faidx /tmp/insaFlu/influ_path_12970_22883580/televir_projects/7/136/93/93_inf7/assembly/run_leaf_519.fasta.gz 'Ctg66' >> /tmp/insaFlu/influ_path_12970_22883580/televir_projects/7/136/93/93_inf7/remap/run_leaf_1_NC_026438_1_641809_refseq-viral.dust.fna/reference/run_leaf_523_NC_026438_1_mapped_contigs.fasta
running: /televir/mngs_benchmark/mngs_environments/remap/remap/bin/samtools faidx /tmp/insaFlu/influ_path_12970_22883580/televir_projects/7/136/93/93_inf7/remap/run_leaf_1_NC_026438_1_641809_refseq-viral.dust.fna/reference/run_leaf_523_NC_026438_1_mapped_contigs.fasta
running: /televir/mngs_benchmark/mngs_environments/remap/remap/bin/samtools faidx /tmp/insaFlu/influ_path_12970_22883580/televir_projects/7/136/93/93_inf7/assembly/run_leaf_519.fasta.gz 'Ctg66' >> /tmp/insaFlu/influ_path_12970_22883580/televir_projects/7/136/93/93_inf7/remap/run_leaf_1_NC_026438_1_641809_refseq-viral.dust.fna/assembly/run_leaf_523_run_leaf_1_NC_026438_1_641809_refseq-viral.dust.fna_assembly_ref.fa
running: /televir/mngs_benchmark/mngs_environments/remap/remap/bin/samtools faidx /tmp/insaFlu/influ_path_12970_22883580/televir_projects/7/136/93/93_inf7/remap/run_leaf_1_NC_026438_1_641809_refseq-viral.dust.fna/assembly/run_leaf_523_run_leaf_1_NC_026438_1_641809_refseq-viral.dust.fna_assembly_ref.fa
running: /televir/mngs_benchmark/mngs_environments/hostDepletion/hostdep_env/bin/minimap2 --secondary=no  -ax map-ont  -t 5 -ax map-ont /tmp/insaFlu/influ_path_12970_22883580/televir_projects/7/136/93/93_inf7/remap/run_leaf_1_NC_026438_1_641809_refseq-viral.dust.fna/assembly/run_leaf_523_run_leaf_1_NC_026438_1_641809_refseq-viral.dust.fna_assembly_ref.fa /tmp/insaFlu/influ_path_12970_22883580/televir_projects/7/136/93/93_inf7/remap/run_leaf_1_NC_026438_1_641809_refseq-viral.dust.fna/reference/run_leaf_523.R1.kept.fastq.gz > /tmp/insaFlu/influ_path_12970_22883580/televir_projects/7/136/93/93_inf7/remap/run_leaf_1_NC_026438_1_641809_refseq-viral.dust.fna/assembly/run_leaf_523.sam
running: /televir/mngs_benchmark/mngs_environments/remap/remap/bin/samtools view -bS /tmp/insaFlu/influ_path_12970_22883580/televir_projects/7/136/93/93_inf7/remap/run_leaf_1_NC_026438_1_641809_refseq-viral.dust.fna/assembly/run_leaf_523.sam > /tmp/insaFlu/influ_path_12970_22883580/televir_projects/7/136/93/93_inf7/remap/run_leaf_1_NC_026438_1_641809_refseq-viral.dust.fna/assembly/run_leaf_523.bam
running: /televir/mngs_benchmark/mngs_environments/remap/remap/bin/samtools sort /tmp/insaFlu/influ_path_12970_22883580/televir_projects/7/136/93/93_inf7/remap/run_leaf_1_NC_026438_1_641809_refseq-viral.dust.fna/assembly/run_leaf_523.bam -o /tmp/insaFlu/influ_path_12970_22883580/televir_projects/7/136/93/93_inf7/remap/run_leaf_1_NC_026438_1_641809_refseq-viral.dust.fna/assembly/run_leaf_523.run_leaf_1_NC_026438_1_641809_refseq-viral.dust.fna_assembly.sorted.bam
running: /televir/mngs_benchmark/mngs_environments/remap/remap/bin/samtools index /tmp/insaFlu/influ_path_12970_22883580/televir_projects/7/136/93/93_inf7/remap/run_leaf_1_NC_026438_1_641809_refseq-viral.dust.fna/assembly/run_leaf_523.run_leaf_1_NC_026438_1_641809_refseq-viral.dust.fna_assembly.sorted.bam
running: /televir/mngs_benchmark/mngs_environments/remap/remap/bin/samtools mpileup -f /tmp/insaFlu/influ_path_12970_22883580/televir_projects/7/136/93/93_inf7/remap/run_leaf_1_NC_026438_1_641809_refseq-viral.dust.fna/assembly/run_leaf_523_run_leaf_1_NC_026438_1_641809_refseq-viral.dust.fna_assembly_ref.fa /tmp/insaFlu/influ_path_12970_22883580/televir_projects/7/136/93/93_inf7/remap/run_leaf_1_NC_026438_1_641809_refseq-viral.dust.fna/assembly/run_leaf_523.run_leaf_1_NC_026438_1_641809_refseq-viral.dust.fna_assembly.sorted.bam > /tmp/insaFlu/influ_path_12970_22883580/televir_projects/7/136/93/93_inf7/remap/run_leaf_1_NC_026438_1_641809_refseq-viral.dust.fna/assembly/run_leaf_523.vcf
running: /televir/mngs_benchmark/mngs_environments/remap/remap/bin/bedtools genomecov -ibam /tmp/insaFlu/influ_path_12970_22883580/televir_projects/7/136/93/93_inf7/remap/run_leaf_1_NC_026438_1_641809_refseq-viral.dust.fna/assembly/run_leaf_523.run_leaf_1_NC_026438_1_641809_refseq-viral.dust.fna_assembly.sorted.bam -bga > /tmp/insaFlu/influ_path_12970_22883580/televir_projects/7/136/93/93_inf7/remap/run_leaf_1_NC_026438_1_641809_refseq-viral.dust.fna/assembly/run_leaf_523.sorted.bedgraph
running: /televir/mngs_benchmark/mngs_environments/remap/remap/bin/samtools view -b -F 4 /tmp/insaFlu/influ_path_12970_22883580/televir_projects/7/136/93/93_inf7/remap/run_leaf_1_NC_026438_1_641809_refseq-viral.dust.fna/assembly/run_leaf_523.run_leaf_1_NC_026438_1_641809_refseq-viral.dust.fna_assembly.sorted.bam > /tmp/insaFlu/influ_path_12970_22883580/televir_projects/7/136/93/93_inf7/remap/run_leaf_1_NC_026438_1_641809_refseq-viral.dust.fna/assembly/temp1040.bam
timeout: 18000 seconds
timeout: 18000 seconds
timeout: 18000 seconds
timeout: 18000 seconds
running: /televir/mngs_benchmark/mngs_environments/remap/remap/bin/minimap2 -t 5 -cx asm10 /tmp/insaFlu/influ_path_12970_22883580/televir_projects/7/136/93/93_inf7/remap/run_leaf_1_NC_026438_1_641809_refseq-viral.dust.fna/assembly/run_leaf_523_run_leaf_1_NC_026438_1_641809_refseq-viral.dust.fna_assembly_ref.fa /tmp/insaFlu/influ_path_12970_22883580/televir_projects/7/136/93/93_inf7/assembly/run_leaf_519.fasta.gz > /tmp/insaFlu/influ_path_12970_22883580/televir_projects/7/136/93/93_inf7/remap/run_leaf_1_NC_026438_1_641809_refseq-viral.dust.fna/assembly/run_leaf_523_run_leaf_1_NC_026438_1_641809_refseq-viral.dust.fna_assembly.paf
running: /televir/mngs_benchmark/mngs_environments/remap/remap/bin/samtools faidx /tmp/insaFlu/influ_path_12970_22883580/televir_projects/7/136/93/93_inf7/assembly/run_leaf_519.fasta.gz 'Ctg66' >> /tmp/insaFlu/influ_path_12970_22883580/televir_projects/7/136/93/93_inf7/remap/run_leaf_1_NC_026438_1_641809_refseq-viral.dust.fna/assembly/run_leaf_523_run_leaf_1_NC_026438_1_641809_refseq-viral.dust.fna_assembly_mapped_contigs.fasta
running: /televir/mngs_benchmark/mngs_environments/remap/remap/bin/samtools faidx /tmp/insaFlu/influ_path_12970_22883580/televir_projects/7/136/93/93_inf7/remap/run_leaf_1_NC_026438_1_641809_refseq-viral.dust.fna/assembly/run_leaf_523_run_leaf_1_NC_026438_1_641809_refseq-viral.dust.fna_assembly_mapped_contigs.fasta
running: /televir/mngs_benchmark/mngs_environments/remap/remap/bin/samtools faidx /televir/mngs_benchmark/ref_fasta/virosaurus90_vertebrate-20200330.fas.gz 'MK361935:MK361935;' >> /tmp/insaFlu/influ_path_12970_22883580/televir_projects/7/136/93/93_inf7/remap/run_leaf_1_MK361935_1_11320_virosaurus90_vertebrate-20200330.fas/reference/run_leaf_523_MK361935_1_ref.fa
running: /televir/mngs_benchmark/mngs_environments/remap/remap/bin/samtools faidx /tmp/insaFlu/influ_path_12970_22883580/televir_projects/7/136/93/93_inf7/remap/run_leaf_1_MK361935_1_11320_virosaurus90_vertebrate-20200330.fas/reference/run_leaf_523_MK361935_1_ref.fa
running: /televir/mngs_benchmark/mngs_environments/hostDepletion/hostdep_env/bin/minimap2 --secondary=no  -ax map-ont  -t 5 -ax map-ont /tmp/insaFlu/influ_path_12970_22883580/televir_projects/7/136/93/93_inf7/remap/run_leaf_1_MK361935_1_11320_virosaurus90_vertebrate-20200330.fas/reference/run_leaf_523_MK361935_1_ref.fa /tmp/insaFlu/influ_path_12970_22883580/televir_projects/7/136/93/93_inf7/reads/enriched/inf7stq.enriched.fastq.gz > /tmp/insaFlu/influ_path_12970_22883580/televir_projects/7/136/93/93_inf7/remap/run_leaf_1_MK361935_1_11320_virosaurus90_vertebrate-20200330.fas/reference/run_leaf_523.sam
running: /televir/mngs_benchmark/mngs_environments/remap/remap/bin/samtools view -bS /tmp/insaFlu/influ_path_12970_22883580/televir_projects/7/136/93/93_inf7/remap/run_leaf_1_MK361935_1_11320_virosaurus90_vertebrate-20200330.fas/reference/run_leaf_523.sam > /tmp/insaFlu/influ_path_12970_22883580/televir_projects/7/136/93/93_inf7/remap/run_leaf_1_MK361935_1_11320_virosaurus90_vertebrate-20200330.fas/reference/run_leaf_523.bam
running: /televir/mngs_benchmark/mngs_environments/remap/remap/bin/samtools sort /tmp/insaFlu/influ_path_12970_22883580/televir_projects/7/136/93/93_inf7/remap/run_leaf_1_MK361935_1_11320_virosaurus90_vertebrate-20200330.fas/reference/run_leaf_523.bam -o /tmp/insaFlu/influ_path_12970_22883580/televir_projects/7/136/93/93_inf7/remap/run_leaf_1_MK361935_1_11320_virosaurus90_vertebrate-20200330.fas/reference/run_leaf_523.MK361935_1.sorted.bam
running: /televir/mngs_benchmark/mngs_environments/remap/remap/bin/samtools index /tmp/insaFlu/influ_path_12970_22883580/televir_projects/7/136/93/93_inf7/remap/run_leaf_1_MK361935_1_11320_virosaurus90_vertebrate-20200330.fas/reference/run_leaf_523.MK361935_1.sorted.bam
running: /televir/mngs_benchmark/mngs_environments/remap/remap/bin/samtools mpileup -f /tmp/insaFlu/influ_path_12970_22883580/televir_projects/7/136/93/93_inf7/remap/run_leaf_1_MK361935_1_11320_virosaurus90_vertebrate-20200330.fas/reference/run_leaf_523_MK361935_1_ref.fa /tmp/insaFlu/influ_path_12970_22883580/televir_projects/7/136/93/93_inf7/remap/run_leaf_1_MK361935_1_11320_virosaurus90_vertebrate-20200330.fas/reference/run_leaf_523.MK361935_1.sorted.bam > /tmp/insaFlu/influ_path_12970_22883580/televir_projects/7/136/93/93_inf7/remap/run_leaf_1_MK361935_1_11320_virosaurus90_vertebrate-20200330.fas/reference/run_leaf_523.vcf
running: /televir/mngs_benchmark/mngs_environments/remap/remap/bin/bedtools genomecov -ibam /tmp/insaFlu/influ_path_12970_22883580/televir_projects/7/136/93/93_inf7/remap/run_leaf_1_MK361935_1_11320_virosaurus90_vertebrate-20200330.fas/reference/run_leaf_523.MK361935_1.sorted.bam -bga > /tmp/insaFlu/influ_path_12970_22883580/televir_projects/7/136/93/93_inf7/remap/run_leaf_1_MK361935_1_11320_virosaurus90_vertebrate-20200330.fas/reference/run_leaf_523.sorted.bedgraph
running: /televir/mngs_benchmark/mngs_environments/remap/remap/bin/samtools view -b -F 4 /tmp/insaFlu/influ_path_12970_22883580/televir_projects/7/136/93/93_inf7/remap/run_leaf_1_MK361935_1_11320_virosaurus90_vertebrate-20200330.fas/reference/run_leaf_523.MK361935_1.sorted.bam > /tmp/insaFlu/influ_path_12970_22883580/televir_projects/7/136/93/93_inf7/remap/run_leaf_1_MK361935_1_11320_virosaurus90_vertebrate-20200330.fas/reference/temp474.bam
timeout: 18000 seconds
timeout: 18000 seconds
timeout: 18000 seconds
timeout: 18000 seconds
running: /televir/mngs_benchmark/mngs_environments/remap/remap/bin/minimap2 -t 5 -cx asm10 /tmp/insaFlu/influ_path_12970_22883580/televir_projects/7/136/93/93_inf7/remap/run_leaf_1_MK361935_1_11320_virosaurus90_vertebrate-20200330.fas/reference/run_leaf_523_MK361935_1_ref.fa /tmp/insaFlu/influ_path_12970_22883580/televir_projects/7/136/93/93_inf7/assembly/run_leaf_519.fasta.gz > /tmp/insaFlu/influ_path_12970_22883580/televir_projects/7/136/93/93_inf7/remap/run_leaf_1_MK361935_1_11320_virosaurus90_vertebrate-20200330.fas/reference/run_leaf_523_MK361935_1.paf
No contigs mapped, skipping dotplot
running: /televir/mngs_benchmark/mngs_environments/remap/remap/bin/samtools faidx /televir/mngs_benchmark/ref_fasta/refseq-viral.dust.fna.gz 'NC_007370.1' >> /tmp/insaFlu/influ_path_12970_22883580/televir_projects/7/136/93/93_inf7/remap/run_leaf_1_NC_007370_1_335341_refseq-viral.dust.fna/reference/run_leaf_523_NC_007370_1_ref.fa
running: /televir/mngs_benchmark/mngs_environments/remap/remap/bin/samtools faidx /tmp/insaFlu/influ_path_12970_22883580/televir_projects/7/136/93/93_inf7/remap/run_leaf_1_NC_007370_1_335341_refseq-viral.dust.fna/reference/run_leaf_523_NC_007370_1_ref.fa
running: /televir/mngs_benchmark/mngs_environments/hostDepletion/hostdep_env/bin/minimap2 --secondary=no  -ax map-ont  -t 5 -ax map-ont /tmp/insaFlu/influ_path_12970_22883580/televir_projects/7/136/93/93_inf7/remap/run_leaf_1_NC_007370_1_335341_refseq-viral.dust.fna/reference/run_leaf_523_NC_007370_1_ref.fa /tmp/insaFlu/influ_path_12970_22883580/televir_projects/7/136/93/93_inf7/reads/enriched/inf7stq.enriched.fastq.gz > /tmp/insaFlu/influ_path_12970_22883580/televir_projects/7/136/93/93_inf7/remap/run_leaf_1_NC_007370_1_335341_refseq-viral.dust.fna/reference/run_leaf_523.sam
running: /televir/mngs_benchmark/mngs_environments/remap/remap/bin/samtools view -bS /tmp/insaFlu/influ_path_12970_22883580/televir_projects/7/136/93/93_inf7/remap/run_leaf_1_NC_007370_1_335341_refseq-viral.dust.fna/reference/run_leaf_523.sam > /tmp/insaFlu/influ_path_12970_22883580/televir_projects/7/136/93/93_inf7/remap/run_leaf_1_NC_007370_1_335341_refseq-viral.dust.fna/reference/run_leaf_523.bam
running: /televir/mngs_benchmark/mngs_environments/remap/remap/bin/samtools sort /tmp/insaFlu/influ_path_12970_22883580/televir_projects/7/136/93/93_inf7/remap/run_leaf_1_NC_007370_1_335341_refseq-viral.dust.fna/reference/run_leaf_523.bam -o /tmp/insaFlu/influ_path_12970_22883580/televir_projects/7/136/93/93_inf7/remap/run_leaf_1_NC_007370_1_335341_refseq-viral.dust.fna/reference/run_leaf_523.NC_007370_1.sorted.bam
running: /televir/mngs_benchmark/mngs_environments/remap/remap/bin/samtools index /tmp/insaFlu/influ_path_12970_22883580/televir_projects/7/136/93/93_inf7/remap/run_leaf_1_NC_007370_1_335341_refseq-viral.dust.fna/reference/run_leaf_523.NC_007370_1.sorted.bam
running: /televir/mngs_benchmark/mngs_environments/remap/remap/bin/samtools mpileup -f /tmp/insaFlu/influ_path_12970_22883580/televir_projects/7/136/93/93_inf7/remap/run_leaf_1_NC_007370_1_335341_refseq-viral.dust.fna/reference/run_leaf_523_NC_007370_1_ref.fa /tmp/insaFlu/influ_path_12970_22883580/televir_projects/7/136/93/93_inf7/remap/run_leaf_1_NC_007370_1_335341_refseq-viral.dust.fna/reference/run_leaf_523.NC_007370_1.sorted.bam > /tmp/insaFlu/influ_path_12970_22883580/televir_projects/7/136/93/93_inf7/remap/run_leaf_1_NC_007370_1_335341_refseq-viral.dust.fna/reference/run_leaf_523.vcf
running: /televir/mngs_benchmark/mngs_environments/remap/remap/bin/bedtools genomecov -ibam /tmp/insaFlu/influ_path_12970_22883580/televir_projects/7/136/93/93_inf7/remap/run_leaf_1_NC_007370_1_335341_refseq-viral.dust.fna/reference/run_leaf_523.NC_007370_1.sorted.bam -bga > /tmp/insaFlu/influ_path_12970_22883580/televir_projects/7/136/93/93_inf7/remap/run_leaf_1_NC_007370_1_335341_refseq-viral.dust.fna/reference/run_leaf_523.sorted.bedgraph
running: /televir/mngs_benchmark/mngs_environments/remap/remap/bin/samtools view -b -F 4 /tmp/insaFlu/influ_path_12970_22883580/televir_projects/7/136/93/93_inf7/remap/run_leaf_1_NC_007370_1_335341_refseq-viral.dust.fna/reference/run_leaf_523.NC_007370_1.sorted.bam > /tmp/insaFlu/influ_path_12970_22883580/televir_projects/7/136/93/93_inf7/remap/run_leaf_1_NC_007370_1_335341_refseq-viral.dust.fna/reference/temp65.bam
timeout: 18000 seconds
timeout: 18000 seconds
timeout: 18000 seconds
timeout: 18000 seconds
running: /televir/mngs_benchmark/mngs_environments/remap/remap/bin/minimap2 -t 5 -cx asm10 /tmp/insaFlu/influ_path_12970_22883580/televir_projects/7/136/93/93_inf7/remap/run_leaf_1_NC_007370_1_335341_refseq-viral.dust.fna/reference/run_leaf_523_NC_007370_1_ref.fa /tmp/insaFlu/influ_path_12970_22883580/televir_projects/7/136/93/93_inf7/assembly/run_leaf_519.fasta.gz > /tmp/insaFlu/influ_path_12970_22883580/televir_projects/7/136/93/93_inf7/remap/run_leaf_1_NC_007370_1_335341_refseq-viral.dust.fna/reference/run_leaf_523_NC_007370_1.paf
[807]
[807]
No contigs mapped, skipping dotplot
running: /televir/mngs_benchmark/mngs_environments/remap/remap/bin/samtools faidx /televir/mngs_benchmark/ref_fasta/refseq-viral.dust.fna.gz 'NC_004905.2' >> /tmp/insaFlu/influ_path_12970_22883580/televir_projects/7/136/93/93_inf7/remap/run_leaf_1_NC_004905_2_130760_refseq-viral.dust.fna/reference/run_leaf_523_NC_004905_2_ref.fa
running: /televir/mngs_benchmark/mngs_environments/remap/remap/bin/samtools faidx /tmp/insaFlu/influ_path_12970_22883580/televir_projects/7/136/93/93_inf7/remap/run_leaf_1_NC_004905_2_130760_refseq-viral.dust.fna/reference/run_leaf_523_NC_004905_2_ref.fa
running: /televir/mngs_benchmark/mngs_environments/hostDepletion/hostdep_env/bin/minimap2 --secondary=no  -ax map-ont  -t 5 -ax map-ont /tmp/insaFlu/influ_path_12970_22883580/televir_projects/7/136/93/93_inf7/remap/run_leaf_1_NC_004905_2_130760_refseq-viral.dust.fna/reference/run_leaf_523_NC_004905_2_ref.fa /tmp/insaFlu/influ_path_12970_22883580/televir_projects/7/136/93/93_inf7/reads/enriched/inf7stq.enriched.fastq.gz > /tmp/insaFlu/influ_path_12970_22883580/televir_projects/7/136/93/93_inf7/remap/run_leaf_1_NC_004905_2_130760_refseq-viral.dust.fna/reference/run_leaf_523.sam
running: /televir/mngs_benchmark/mngs_environments/remap/remap/bin/samtools view -bS /tmp/insaFlu/influ_path_12970_22883580/televir_projects/7/136/93/93_inf7/remap/run_leaf_1_NC_004905_2_130760_refseq-viral.dust.fna/reference/run_leaf_523.sam > /tmp/insaFlu/influ_path_12970_22883580/televir_projects/7/136/93/93_inf7/remap/run_leaf_1_NC_004905_2_130760_refseq-viral.dust.fna/reference/run_leaf_523.bam
running: /televir/mngs_benchmark/mngs_environments/remap/remap/bin/samtools sort /tmp/insaFlu/influ_path_12970_22883580/televir_projects/7/136/93/93_inf7/remap/run_leaf_1_NC_004905_2_130760_refseq-viral.dust.fna/reference/run_leaf_523.bam -o /tmp/insaFlu/influ_path_12970_22883580/televir_projects/7/136/93/93_inf7/remap/run_leaf_1_NC_004905_2_130760_refseq-viral.dust.fna/reference/run_leaf_523.NC_004905_2.sorted.bam
running: /televir/mngs_benchmark/mngs_environments/remap/remap/bin/samtools index /tmp/insaFlu/influ_path_12970_22883580/televir_projects/7/136/93/93_inf7/remap/run_leaf_1_NC_004905_2_130760_refseq-viral.dust.fna/reference/run_leaf_523.NC_004905_2.sorted.bam
running: /televir/mngs_benchmark/mngs_environments/remap/remap/bin/samtools mpileup -f /tmp/insaFlu/influ_path_12970_22883580/televir_projects/7/136/93/93_inf7/remap/run_leaf_1_NC_004905_2_130760_refseq-viral.dust.fna/reference/run_leaf_523_NC_004905_2_ref.fa /tmp/insaFlu/influ_path_12970_22883580/televir_projects/7/136/93/93_inf7/remap/run_leaf_1_NC_004905_2_130760_refseq-viral.dust.fna/reference/run_leaf_523.NC_004905_2.sorted.bam > /tmp/insaFlu/influ_path_12970_22883580/televir_projects/7/136/93/93_inf7/remap/run_leaf_1_NC_004905_2_130760_refseq-viral.dust.fna/reference/run_leaf_523.vcf
running: /televir/mngs_benchmark/mngs_environments/remap/remap/bin/bedtools genomecov -ibam /tmp/insaFlu/influ_path_12970_22883580/televir_projects/7/136/93/93_inf7/remap/run_leaf_1_NC_004905_2_130760_refseq-viral.dust.fna/reference/run_leaf_523.NC_004905_2.sorted.bam -bga > /tmp/insaFlu/influ_path_12970_22883580/televir_projects/7/136/93/93_inf7/remap/run_leaf_1_NC_004905_2_130760_refseq-viral.dust.fna/reference/run_leaf_523.sorted.bedgraph
running: /televir/mngs_benchmark/mngs_environments/remap/remap/bin/samtools view -b -F 4 /tmp/insaFlu/influ_path_12970_22883580/televir_projects/7/136/93/93_inf7/remap/run_leaf_1_NC_004905_2_130760_refseq-viral.dust.fna/reference/run_leaf_523.NC_004905_2.sorted.bam > /tmp/insaFlu/influ_path_12970_22883580/televir_projects/7/136/93/93_inf7/remap/run_leaf_1_NC_004905_2_130760_refseq-viral.dust.fna/reference/temp59.bam
timeout: 18000 seconds
timeout: 18000 seconds
timeout: 18000 seconds
timeout: 18000 seconds
running: /televir/mngs_benchmark/mngs_environments/remap/remap/bin/minimap2 -t 5 -cx asm10 /tmp/insaFlu/influ_path_12970_22883580/televir_projects/7/136/93/93_inf7/remap/run_leaf_1_NC_004905_2_130760_refseq-viral.dust.fna/reference/run_leaf_523_NC_004905_2_ref.fa /tmp/insaFlu/influ_path_12970_22883580/televir_projects/7/136/93/93_inf7/assembly/run_leaf_519.fasta.gz > /tmp/insaFlu/influ_path_12970_22883580/televir_projects/7/136/93/93_inf7/remap/run_leaf_1_NC_004905_2_130760_refseq-viral.dust.fna/reference/run_leaf_523_NC_004905_2.paf
[1520]
[1520]
No contigs mapped, skipping dotplot
running: /televir/mngs_benchmark/mngs_environments/remap/remap/bin/samtools faidx /televir/mngs_benchmark/ref_fasta/virosaurus90_vertebrate-20200330.fas.gz 'NC_002018:NC_002018;' >> /tmp/insaFlu/influ_path_12970_22883580/televir_projects/7/136/93/93_inf7/remap/run_leaf_1_NC_002018_1_211044_virosaurus90_vertebrate-20200330.fas/reference/run_leaf_523_NC_002018_1_ref.fa
running: /televir/mngs_benchmark/mngs_environments/remap/remap/bin/samtools faidx /tmp/insaFlu/influ_path_12970_22883580/televir_projects/7/136/93/93_inf7/remap/run_leaf_1_NC_002018_1_211044_virosaurus90_vertebrate-20200330.fas/reference/run_leaf_523_NC_002018_1_ref.fa
running: /televir/mngs_benchmark/mngs_environments/hostDepletion/hostdep_env/bin/minimap2 --secondary=no  -ax map-ont  -t 5 -ax map-ont /tmp/insaFlu/influ_path_12970_22883580/televir_projects/7/136/93/93_inf7/remap/run_leaf_1_NC_002018_1_211044_virosaurus90_vertebrate-20200330.fas/reference/run_leaf_523_NC_002018_1_ref.fa /tmp/insaFlu/influ_path_12970_22883580/televir_projects/7/136/93/93_inf7/reads/enriched/inf7stq.enriched.fastq.gz > /tmp/insaFlu/influ_path_12970_22883580/televir_projects/7/136/93/93_inf7/remap/run_leaf_1_NC_002018_1_211044_virosaurus90_vertebrate-20200330.fas/reference/run_leaf_523.sam
running: /televir/mngs_benchmark/mngs_environments/remap/remap/bin/samtools view -bS /tmp/insaFlu/influ_path_12970_22883580/televir_projects/7/136/93/93_inf7/remap/run_leaf_1_NC_002018_1_211044_virosaurus90_vertebrate-20200330.fas/reference/run_leaf_523.sam > /tmp/insaFlu/influ_path_12970_22883580/televir_projects/7/136/93/93_inf7/remap/run_leaf_1_NC_002018_1_211044_virosaurus90_vertebrate-20200330.fas/reference/run_leaf_523.bam
running: /televir/mngs_benchmark/mngs_environments/remap/remap/bin/samtools sort /tmp/insaFlu/influ_path_12970_22883580/televir_projects/7/136/93/93_inf7/remap/run_leaf_1_NC_002018_1_211044_virosaurus90_vertebrate-20200330.fas/reference/run_leaf_523.bam -o /tmp/insaFlu/influ_path_12970_22883580/televir_projects/7/136/93/93_inf7/remap/run_leaf_1_NC_002018_1_211044_virosaurus90_vertebrate-20200330.fas/reference/run_leaf_523.NC_002018_1.sorted.bam
running: /televir/mngs_benchmark/mngs_environments/remap/remap/bin/samtools index /tmp/insaFlu/influ_path_12970_22883580/televir_projects/7/136/93/93_inf7/remap/run_leaf_1_NC_002018_1_211044_virosaurus90_vertebrate-20200330.fas/reference/run_leaf_523.NC_002018_1.sorted.bam
running: /televir/mngs_benchmark/mngs_environments/remap/remap/bin/samtools mpileup -f /tmp/insaFlu/influ_path_12970_22883580/televir_projects/7/136/93/93_inf7/remap/run_leaf_1_NC_002018_1_211044_virosaurus90_vertebrate-20200330.fas/reference/run_leaf_523_NC_002018_1_ref.fa /tmp/insaFlu/influ_path_12970_22883580/televir_projects/7/136/93/93_inf7/remap/run_leaf_1_NC_002018_1_211044_virosaurus90_vertebrate-20200330.fas/reference/run_leaf_523.NC_002018_1.sorted.bam > /tmp/insaFlu/influ_path_12970_22883580/televir_projects/7/136/93/93_inf7/remap/run_leaf_1_NC_002018_1_211044_virosaurus90_vertebrate-20200330.fas/reference/run_leaf_523.vcf
running: /televir/mngs_benchmark/mngs_environments/remap/remap/bin/bedtools genomecov -ibam /tmp/insaFlu/influ_path_12970_22883580/televir_projects/7/136/93/93_inf7/remap/run_leaf_1_NC_002018_1_211044_virosaurus90_vertebrate-20200330.fas/reference/run_leaf_523.NC_002018_1.sorted.bam -bga > /tmp/insaFlu/influ_path_12970_22883580/televir_projects/7/136/93/93_inf7/remap/run_leaf_1_NC_002018_1_211044_virosaurus90_vertebrate-20200330.fas/reference/run_leaf_523.sorted.bedgraph
running: /televir/mngs_benchmark/mngs_environments/remap/remap/bin/samtools view -b -F 4 /tmp/insaFlu/influ_path_12970_22883580/televir_projects/7/136/93/93_inf7/remap/run_leaf_1_NC_002018_1_211044_virosaurus90_vertebrate-20200330.fas/reference/run_leaf_523.NC_002018_1.sorted.bam > /tmp/insaFlu/influ_path_12970_22883580/televir_projects/7/136/93/93_inf7/remap/run_leaf_1_NC_002018_1_211044_virosaurus90_vertebrate-20200330.fas/reference/temp1657.bam
timeout: 18000 seconds
timeout: 18000 seconds
timeout: 18000 seconds
timeout: 18000 seconds
running: /televir/mngs_benchmark/mngs_environments/remap/remap/bin/minimap2 -t 5 -cx asm10 /tmp/insaFlu/influ_path_12970_22883580/televir_projects/7/136/93/93_inf7/remap/run_leaf_1_NC_002018_1_211044_virosaurus90_vertebrate-20200330.fas/reference/run_leaf_523_NC_002018_1_ref.fa /tmp/insaFlu/influ_path_12970_22883580/televir_projects/7/136/93/93_inf7/assembly/run_leaf_519.fasta.gz > /tmp/insaFlu/influ_path_12970_22883580/televir_projects/7/136/93/93_inf7/remap/run_leaf_1_NC_002018_1_211044_virosaurus90_vertebrate-20200330.fas/reference/run_leaf_523_NC_002018_1.paf
[932]
[932]
No contigs mapped, skipping dotplot
running: /televir/mngs_benchmark/mngs_environments/remap/remap/bin/samtools faidx /televir/mngs_benchmark/ref_fasta/refseq-viral.dust.fna.gz 'NC_002023.1' >> /tmp/insaFlu/influ_path_12970_22883580/televir_projects/7/136/93/93_inf7/remap/run_leaf_1_NC_002023_1_211044_refseq-viral.dust.fna/reference/run_leaf_523_NC_002023_1_ref.fa
running: /televir/mngs_benchmark/mngs_environments/remap/remap/bin/samtools faidx /tmp/insaFlu/influ_path_12970_22883580/televir_projects/7/136/93/93_inf7/remap/run_leaf_1_NC_002023_1_211044_refseq-viral.dust.fna/reference/run_leaf_523_NC_002023_1_ref.fa
running: /televir/mngs_benchmark/mngs_environments/hostDepletion/hostdep_env/bin/minimap2 --secondary=no  -ax map-ont  -t 5 -ax map-ont /tmp/insaFlu/influ_path_12970_22883580/televir_projects/7/136/93/93_inf7/remap/run_leaf_1_NC_002023_1_211044_refseq-viral.dust.fna/reference/run_leaf_523_NC_002023_1_ref.fa /tmp/insaFlu/influ_path_12970_22883580/televir_projects/7/136/93/93_inf7/reads/enriched/inf7stq.enriched.fastq.gz > /tmp/insaFlu/influ_path_12970_22883580/televir_projects/7/136/93/93_inf7/remap/run_leaf_1_NC_002023_1_211044_refseq-viral.dust.fna/reference/run_leaf_523.sam
running: /televir/mngs_benchmark/mngs_environments/remap/remap/bin/samtools view -bS /tmp/insaFlu/influ_path_12970_22883580/televir_projects/7/136/93/93_inf7/remap/run_leaf_1_NC_002023_1_211044_refseq-viral.dust.fna/reference/run_leaf_523.sam > /tmp/insaFlu/influ_path_12970_22883580/televir_projects/7/136/93/93_inf7/remap/run_leaf_1_NC_002023_1_211044_refseq-viral.dust.fna/reference/run_leaf_523.bam
running: /televir/mngs_benchmark/mngs_environments/remap/remap/bin/samtools sort /tmp/insaFlu/influ_path_12970_22883580/televir_projects/7/136/93/93_inf7/remap/run_leaf_1_NC_002023_1_211044_refseq-viral.dust.fna/reference/run_leaf_523.bam -o /tmp/insaFlu/influ_path_12970_22883580/televir_projects/7/136/93/93_inf7/remap/run_leaf_1_NC_002023_1_211044_refseq-viral.dust.fna/reference/run_leaf_523.NC_002023_1.sorted.bam
running: /televir/mngs_benchmark/mngs_environments/remap/remap/bin/samtools index /tmp/insaFlu/influ_path_12970_22883580/televir_projects/7/136/93/93_inf7/remap/run_leaf_1_NC_002023_1_211044_refseq-viral.dust.fna/reference/run_leaf_523.NC_002023_1.sorted.bam
running: /televir/mngs_benchmark/mngs_environments/remap/remap/bin/samtools mpileup -f /tmp/insaFlu/influ_path_12970_22883580/televir_projects/7/136/93/93_inf7/remap/run_leaf_1_NC_002023_1_211044_refseq-viral.dust.fna/reference/run_leaf_523_NC_002023_1_ref.fa /tmp/insaFlu/influ_path_12970_22883580/televir_projects/7/136/93/93_inf7/remap/run_leaf_1_NC_002023_1_211044_refseq-viral.dust.fna/reference/run_leaf_523.NC_002023_1.sorted.bam > /tmp/insaFlu/influ_path_12970_22883580/televir_projects/7/136/93/93_inf7/remap/run_leaf_1_NC_002023_1_211044_refseq-viral.dust.fna/reference/run_leaf_523.vcf
running: /televir/mngs_benchmark/mngs_environments/remap/remap/bin/bedtools genomecov -ibam /tmp/insaFlu/influ_path_12970_22883580/televir_projects/7/136/93/93_inf7/remap/run_leaf_1_NC_002023_1_211044_refseq-viral.dust.fna/reference/run_leaf_523.NC_002023_1.sorted.bam -bga > /tmp/insaFlu/influ_path_12970_22883580/televir_projects/7/136/93/93_inf7/remap/run_leaf_1_NC_002023_1_211044_refseq-viral.dust.fna/reference/run_leaf_523.sorted.bedgraph
running: /televir/mngs_benchmark/mngs_environments/remap/remap/bin/samtools view -b -F 4 /tmp/insaFlu/influ_path_12970_22883580/televir_projects/7/136/93/93_inf7/remap/run_leaf_1_NC_002023_1_211044_refseq-viral.dust.fna/reference/run_leaf_523.NC_002023_1.sorted.bam > /tmp/insaFlu/influ_path_12970_22883580/televir_projects/7/136/93/93_inf7/remap/run_leaf_1_NC_002023_1_211044_refseq-viral.dust.fna/reference/temp1697.bam
timeout: 18000 seconds
timeout: 18000 seconds
timeout: 18000 seconds
timeout: 18000 seconds
running: /televir/mngs_benchmark/mngs_environments/remap/remap/bin/minimap2 -t 5 -cx asm10 /tmp/insaFlu/influ_path_12970_22883580/televir_projects/7/136/93/93_inf7/remap/run_leaf_1_NC_002023_1_211044_refseq-viral.dust.fna/reference/run_leaf_523_NC_002023_1_ref.fa /tmp/insaFlu/influ_path_12970_22883580/televir_projects/7/136/93/93_inf7/assembly/run_leaf_519.fasta.gz > /tmp/insaFlu/influ_path_12970_22883580/televir_projects/7/136/93/93_inf7/remap/run_leaf_1_NC_002023_1_211044_refseq-viral.dust.fna/reference/run_leaf_523_NC_002023_1.paf
No contigs mapped, skipping dotplot
running: /televir/mngs_benchmark/mngs_environments/remap/remap/bin/samtools faidx /televir/mngs_benchmark/ref_fasta/refseq-viral.dust.fna.gz 'NC_026429.1' >> /tmp/insaFlu/influ_path_12970_22883580/televir_projects/7/136/93/93_inf7/remap/run_leaf_1_NC_026429_1_1332244_refseq-viral.dust.fna/reference/run_leaf_523_NC_026429_1_ref.fa
running: /televir/mngs_benchmark/mngs_environments/remap/remap/bin/samtools faidx /tmp/insaFlu/influ_path_12970_22883580/televir_projects/7/136/93/93_inf7/remap/run_leaf_1_NC_026429_1_1332244_refseq-viral.dust.fna/reference/run_leaf_523_NC_026429_1_ref.fa
running: /televir/mngs_benchmark/mngs_environments/hostDepletion/hostdep_env/bin/minimap2 --secondary=no  -ax map-ont  -t 5 -ax map-ont /tmp/insaFlu/influ_path_12970_22883580/televir_projects/7/136/93/93_inf7/remap/run_leaf_1_NC_026429_1_1332244_refseq-viral.dust.fna/reference/run_leaf_523_NC_026429_1_ref.fa /tmp/insaFlu/influ_path_12970_22883580/televir_projects/7/136/93/93_inf7/reads/enriched/inf7stq.enriched.fastq.gz > /tmp/insaFlu/influ_path_12970_22883580/televir_projects/7/136/93/93_inf7/remap/run_leaf_1_NC_026429_1_1332244_refseq-viral.dust.fna/reference/run_leaf_523.sam
running: /televir/mngs_benchmark/mngs_environments/remap/remap/bin/samtools view -bS /tmp/insaFlu/influ_path_12970_22883580/televir_projects/7/136/93/93_inf7/remap/run_leaf_1_NC_026429_1_1332244_refseq-viral.dust.fna/reference/run_leaf_523.sam > /tmp/insaFlu/influ_path_12970_22883580/televir_projects/7/136/93/93_inf7/remap/run_leaf_1_NC_026429_1_1332244_refseq-viral.dust.fna/reference/run_leaf_523.bam
running: /televir/mngs_benchmark/mngs_environments/remap/remap/bin/samtools sort /tmp/insaFlu/influ_path_12970_22883580/televir_projects/7/136/93/93_inf7/remap/run_leaf_1_NC_026429_1_1332244_refseq-viral.dust.fna/reference/run_leaf_523.bam -o /tmp/insaFlu/influ_path_12970_22883580/televir_projects/7/136/93/93_inf7/remap/run_leaf_1_NC_026429_1_1332244_refseq-viral.dust.fna/reference/run_leaf_523.NC_026429_1.sorted.bam
running: /televir/mngs_benchmark/mngs_environments/remap/remap/bin/samtools index /tmp/insaFlu/influ_path_12970_22883580/televir_projects/7/136/93/93_inf7/remap/run_leaf_1_NC_026429_1_1332244_refseq-viral.dust.fna/reference/run_leaf_523.NC_026429_1.sorted.bam
running: /televir/mngs_benchmark/mngs_environments/remap/remap/bin/samtools mpileup -f /tmp/insaFlu/influ_path_12970_22883580/televir_projects/7/136/93/93_inf7/remap/run_leaf_1_NC_026429_1_1332244_refseq-viral.dust.fna/reference/run_leaf_523_NC_026429_1_ref.fa /tmp/insaFlu/influ_path_12970_22883580/televir_projects/7/136/93/93_inf7/remap/run_leaf_1_NC_026429_1_1332244_refseq-viral.dust.fna/reference/run_leaf_523.NC_026429_1.sorted.bam > /tmp/insaFlu/influ_path_12970_22883580/televir_projects/7/136/93/93_inf7/remap/run_leaf_1_NC_026429_1_1332244_refseq-viral.dust.fna/reference/run_leaf_523.vcf
running: /televir/mngs_benchmark/mngs_environments/remap/remap/bin/bedtools genomecov -ibam /tmp/insaFlu/influ_path_12970_22883580/televir_projects/7/136/93/93_inf7/remap/run_leaf_1_NC_026429_1_1332244_refseq-viral.dust.fna/reference/run_leaf_523.NC_026429_1.sorted.bam -bga > /tmp/insaFlu/influ_path_12970_22883580/televir_projects/7/136/93/93_inf7/remap/run_leaf_1_NC_026429_1_1332244_refseq-viral.dust.fna/reference/run_leaf_523.sorted.bedgraph
running: /televir/mngs_benchmark/mngs_environments/remap/remap/bin/samtools view -b -F 4 /tmp/insaFlu/influ_path_12970_22883580/televir_projects/7/136/93/93_inf7/remap/run_leaf_1_NC_026429_1_1332244_refseq-viral.dust.fna/reference/run_leaf_523.NC_026429_1.sorted.bam > /tmp/insaFlu/influ_path_12970_22883580/televir_projects/7/136/93/93_inf7/remap/run_leaf_1_NC_026429_1_1332244_refseq-viral.dust.fna/reference/temp24.bam
timeout: 18000 seconds
timeout: 18000 seconds
timeout: 18000 seconds
timeout: 18000 seconds
running: /televir/mngs_benchmark/mngs_environments/remap/remap/bin/minimap2 -t 5 -cx asm10 /tmp/insaFlu/influ_path_12970_22883580/televir_projects/7/136/93/93_inf7/remap/run_leaf_1_NC_026429_1_1332244_refseq-viral.dust.fna/reference/run_leaf_523_NC_026429_1_ref.fa /tmp/insaFlu/influ_path_12970_22883580/televir_projects/7/136/93/93_inf7/assembly/run_leaf_519.fasta.gz > /tmp/insaFlu/influ_path_12970_22883580/televir_projects/7/136/93/93_inf7/remap/run_leaf_1_NC_026429_1_1332244_refseq-viral.dust.fna/reference/run_leaf_523_NC_026429_1.paf
No reads mapped, skipping coverage plot
No contigs mapped, skipping dotplot
running: /televir/mngs_benchmark/mngs_environments/remap/remap/bin/samtools faidx /televir/mngs_benchmark/ref_fasta/refseq-viral.dust.fna.gz 'NC_007361.1' >> /tmp/insaFlu/influ_path_12970_22883580/televir_projects/7/136/93/93_inf7/remap/run_leaf_1_NC_007361_1_93838_refseq-viral.dust.fna/reference/run_leaf_523_NC_007361_1_ref.fa
running: /televir/mngs_benchmark/mngs_environments/remap/remap/bin/samtools faidx /tmp/insaFlu/influ_path_12970_22883580/televir_projects/7/136/93/93_inf7/remap/run_leaf_1_NC_007361_1_93838_refseq-viral.dust.fna/reference/run_leaf_523_NC_007361_1_ref.fa
running: /televir/mngs_benchmark/mngs_environments/hostDepletion/hostdep_env/bin/minimap2 --secondary=no  -ax map-ont  -t 5 -ax map-ont /tmp/insaFlu/influ_path_12970_22883580/televir_projects/7/136/93/93_inf7/remap/run_leaf_1_NC_007361_1_93838_refseq-viral.dust.fna/reference/run_leaf_523_NC_007361_1_ref.fa /tmp/insaFlu/influ_path_12970_22883580/televir_projects/7/136/93/93_inf7/reads/enriched/inf7stq.enriched.fastq.gz > /tmp/insaFlu/influ_path_12970_22883580/televir_projects/7/136/93/93_inf7/remap/run_leaf_1_NC_007361_1_93838_refseq-viral.dust.fna/reference/run_leaf_523.sam
running: /televir/mngs_benchmark/mngs_environments/remap/remap/bin/samtools view -bS /tmp/insaFlu/influ_path_12970_22883580/televir_projects/7/136/93/93_inf7/remap/run_leaf_1_NC_007361_1_93838_refseq-viral.dust.fna/reference/run_leaf_523.sam > /tmp/insaFlu/influ_path_12970_22883580/televir_projects/7/136/93/93_inf7/remap/run_leaf_1_NC_007361_1_93838_refseq-viral.dust.fna/reference/run_leaf_523.bam
running: /televir/mngs_benchmark/mngs_environments/remap/remap/bin/samtools sort /tmp/insaFlu/influ_path_12970_22883580/televir_projects/7/136/93/93_inf7/remap/run_leaf_1_NC_007361_1_93838_refseq-viral.dust.fna/reference/run_leaf_523.bam -o /tmp/insaFlu/influ_path_12970_22883580/televir_projects/7/136/93/93_inf7/remap/run_leaf_1_NC_007361_1_93838_refseq-viral.dust.fna/reference/run_leaf_523.NC_007361_1.sorted.bam
running: /televir/mngs_benchmark/mngs_environments/remap/remap/bin/samtools index /tmp/insaFlu/influ_path_12970_22883580/televir_projects/7/136/93/93_inf7/remap/run_leaf_1_NC_007361_1_93838_refseq-viral.dust.fna/reference/run_leaf_523.NC_007361_1.sorted.bam
running: /televir/mngs_benchmark/mngs_environments/remap/remap/bin/samtools mpileup -f /tmp/insaFlu/influ_path_12970_22883580/televir_projects/7/136/93/93_inf7/remap/run_leaf_1_NC_007361_1_93838_refseq-viral.dust.fna/reference/run_leaf_523_NC_007361_1_ref.fa /tmp/insaFlu/influ_path_12970_22883580/televir_projects/7/136/93/93_inf7/remap/run_leaf_1_NC_007361_1_93838_refseq-viral.dust.fna/reference/run_leaf_523.NC_007361_1.sorted.bam > /tmp/insaFlu/influ_path_12970_22883580/televir_projects/7/136/93/93_inf7/remap/run_leaf_1_NC_007361_1_93838_refseq-viral.dust.fna/reference/run_leaf_523.vcf
running: /televir/mngs_benchmark/mngs_environments/remap/remap/bin/bedtools genomecov -ibam /tmp/insaFlu/influ_path_12970_22883580/televir_projects/7/136/93/93_inf7/remap/run_leaf_1_NC_007361_1_93838_refseq-viral.dust.fna/reference/run_leaf_523.NC_007361_1.sorted.bam -bga > /tmp/insaFlu/influ_path_12970_22883580/televir_projects/7/136/93/93_inf7/remap/run_leaf_1_NC_007361_1_93838_refseq-viral.dust.fna/reference/run_leaf_523.sorted.bedgraph
running: /televir/mngs_benchmark/mngs_environments/remap/remap/bin/samtools view -b -F 4 /tmp/insaFlu/influ_path_12970_22883580/televir_projects/7/136/93/93_inf7/remap/run_leaf_1_NC_007361_1_93838_refseq-viral.dust.fna/reference/run_leaf_523.NC_007361_1.sorted.bam > /tmp/insaFlu/influ_path_12970_22883580/televir_projects/7/136/93/93_inf7/remap/run_leaf_1_NC_007361_1_93838_refseq-viral.dust.fna/reference/temp353.bam
timeout: 18000 seconds
timeout: 18000 seconds
timeout: 18000 seconds
timeout: 18000 seconds
running: /televir/mngs_benchmark/mngs_environments/remap/remap/bin/minimap2 -t 5 -cx asm10 /tmp/insaFlu/influ_path_12970_22883580/televir_projects/7/136/93/93_inf7/remap/run_leaf_1_NC_007361_1_93838_refseq-viral.dust.fna/reference/run_leaf_523_NC_007361_1_ref.fa /tmp/insaFlu/influ_path_12970_22883580/televir_projects/7/136/93/93_inf7/assembly/run_leaf_519.fasta.gz > /tmp/insaFlu/influ_path_12970_22883580/televir_projects/7/136/93/93_inf7/remap/run_leaf_1_NC_007361_1_93838_refseq-viral.dust.fna/reference/run_leaf_523_NC_007361_1.paf
[1420]
[1420]
No contigs mapped, skipping dotplot
running: /televir/mngs_benchmark/mngs_environments/remap/remap/bin/samtools faidx /televir/mngs_benchmark/ref_fasta/virosaurus90_vertebrate-20200330.fas.gz 'NC_007374:NC_007374;' >> /tmp/insaFlu/influ_path_12970_22883580/televir_projects/7/136/93/93_inf7/remap/run_leaf_1_NC_007374_1_488241_virosaurus90_vertebrate-20200330.fas/reference/run_leaf_523_NC_007374_1_ref.fa
running: /televir/mngs_benchmark/mngs_environments/remap/remap/bin/samtools faidx /tmp/insaFlu/influ_path_12970_22883580/televir_projects/7/136/93/93_inf7/remap/run_leaf_1_NC_007374_1_488241_virosaurus90_vertebrate-20200330.fas/reference/run_leaf_523_NC_007374_1_ref.fa
running: /televir/mngs_benchmark/mngs_environments/hostDepletion/hostdep_env/bin/minimap2 --secondary=no  -ax map-ont  -t 5 -ax map-ont /tmp/insaFlu/influ_path_12970_22883580/televir_projects/7/136/93/93_inf7/remap/run_leaf_1_NC_007374_1_488241_virosaurus90_vertebrate-20200330.fas/reference/run_leaf_523_NC_007374_1_ref.fa /tmp/insaFlu/influ_path_12970_22883580/televir_projects/7/136/93/93_inf7/reads/enriched/inf7stq.enriched.fastq.gz > /tmp/insaFlu/influ_path_12970_22883580/televir_projects/7/136/93/93_inf7/remap/run_leaf_1_NC_007374_1_488241_virosaurus90_vertebrate-20200330.fas/reference/run_leaf_523.sam
running: /televir/mngs_benchmark/mngs_environments/remap/remap/bin/samtools view -bS /tmp/insaFlu/influ_path_12970_22883580/televir_projects/7/136/93/93_inf7/remap/run_leaf_1_NC_007374_1_488241_virosaurus90_vertebrate-20200330.fas/reference/run_leaf_523.sam > /tmp/insaFlu/influ_path_12970_22883580/televir_projects/7/136/93/93_inf7/remap/run_leaf_1_NC_007374_1_488241_virosaurus90_vertebrate-20200330.fas/reference/run_leaf_523.bam
running: /televir/mngs_benchmark/mngs_environments/remap/remap/bin/samtools sort /tmp/insaFlu/influ_path_12970_22883580/televir_projects/7/136/93/93_inf7/remap/run_leaf_1_NC_007374_1_488241_virosaurus90_vertebrate-20200330.fas/reference/run_leaf_523.bam -o /tmp/insaFlu/influ_path_12970_22883580/televir_projects/7/136/93/93_inf7/remap/run_leaf_1_NC_007374_1_488241_virosaurus90_vertebrate-20200330.fas/reference/run_leaf_523.NC_007374_1.sorted.bam
running: /televir/mngs_benchmark/mngs_environments/remap/remap/bin/samtools index /tmp/insaFlu/influ_path_12970_22883580/televir_projects/7/136/93/93_inf7/remap/run_leaf_1_NC_007374_1_488241_virosaurus90_vertebrate-20200330.fas/reference/run_leaf_523.NC_007374_1.sorted.bam
running: /televir/mngs_benchmark/mngs_environments/remap/remap/bin/samtools mpileup -f /tmp/insaFlu/influ_path_12970_22883580/televir_projects/7/136/93/93_inf7/remap/run_leaf_1_NC_007374_1_488241_virosaurus90_vertebrate-20200330.fas/reference/run_leaf_523_NC_007374_1_ref.fa /tmp/insaFlu/influ_path_12970_22883580/televir_projects/7/136/93/93_inf7/remap/run_leaf_1_NC_007374_1_488241_virosaurus90_vertebrate-20200330.fas/reference/run_leaf_523.NC_007374_1.sorted.bam > /tmp/insaFlu/influ_path_12970_22883580/televir_projects/7/136/93/93_inf7/remap/run_leaf_1_NC_007374_1_488241_virosaurus90_vertebrate-20200330.fas/reference/run_leaf_523.vcf
running: /televir/mngs_benchmark/mngs_environments/remap/remap/bin/bedtools genomecov -ibam /tmp/insaFlu/influ_path_12970_22883580/televir_projects/7/136/93/93_inf7/remap/run_leaf_1_NC_007374_1_488241_virosaurus90_vertebrate-20200330.fas/reference/run_leaf_523.NC_007374_1.sorted.bam -bga > /tmp/insaFlu/influ_path_12970_22883580/televir_projects/7/136/93/93_inf7/remap/run_leaf_1_NC_007374_1_488241_virosaurus90_vertebrate-20200330.fas/reference/run_leaf_523.sorted.bedgraph
running: /televir/mngs_benchmark/mngs_environments/remap/remap/bin/samtools view -b -F 4 /tmp/insaFlu/influ_path_12970_22883580/televir_projects/7/136/93/93_inf7/remap/run_leaf_1_NC_007374_1_488241_virosaurus90_vertebrate-20200330.fas/reference/run_leaf_523.NC_007374_1.sorted.bam > /tmp/insaFlu/influ_path_12970_22883580/televir_projects/7/136/93/93_inf7/remap/run_leaf_1_NC_007374_1_488241_virosaurus90_vertebrate-20200330.fas/reference/temp501.bam
timeout: 18000 seconds
timeout: 18000 seconds
timeout: 18000 seconds
timeout: 18000 seconds
running: /televir/mngs_benchmark/mngs_environments/remap/remap/bin/minimap2 -t 5 -cx asm10 /tmp/insaFlu/influ_path_12970_22883580/televir_projects/7/136/93/93_inf7/remap/run_leaf_1_NC_007374_1_488241_virosaurus90_vertebrate-20200330.fas/reference/run_leaf_523_NC_007374_1_ref.fa /tmp/insaFlu/influ_path_12970_22883580/televir_projects/7/136/93/93_inf7/assembly/run_leaf_519.fasta.gz > /tmp/insaFlu/influ_path_12970_22883580/televir_projects/7/136/93/93_inf7/remap/run_leaf_1_NC_007374_1_488241_virosaurus90_vertebrate-20200330.fas/reference/run_leaf_523_NC_007374_1.pafReference file /tmp/insaFlu/influ_path_12970_22883580/televir_projects/7/136/93/93_inf7/remap/run_leaf_1_MF678796_1_2059380_virosaurus90_vertebrate-20200330.fas/reference/run_leaf_523_MF678796_1_ref.fa does not exist or is empty

No reads mapped, skipping coverage plot
No contigs mapped, skipping dotplot
running: /televir/mngs_benchmark/mngs_environments/remap/remap/bin/samtools faidx /televir/mngs_benchmark/ref_fasta/refseq-viral.dust.fna.gz 'NC_007380.1' >> /tmp/insaFlu/influ_path_12970_22883580/televir_projects/7/136/93/93_inf7/remap/run_leaf_1_NC_007380_1_488241_refseq-viral.dust.fna/reference/run_leaf_523_NC_007380_1_ref.fa
running: /televir/mngs_benchmark/mngs_environments/remap/remap/bin/samtools faidx /tmp/insaFlu/influ_path_12970_22883580/televir_projects/7/136/93/93_inf7/remap/run_leaf_1_NC_007380_1_488241_refseq-viral.dust.fna/reference/run_leaf_523_NC_007380_1_ref.fa
running: /televir/mngs_benchmark/mngs_environments/hostDepletion/hostdep_env/bin/minimap2 --secondary=no  -ax map-ont  -t 5 -ax map-ont /tmp/insaFlu/influ_path_12970_22883580/televir_projects/7/136/93/93_inf7/remap/run_leaf_1_NC_007380_1_488241_refseq-viral.dust.fna/reference/run_leaf_523_NC_007380_1_ref.fa /tmp/insaFlu/influ_path_12970_22883580/televir_projects/7/136/93/93_inf7/reads/enriched/inf7stq.enriched.fastq.gz > /tmp/insaFlu/influ_path_12970_22883580/televir_projects/7/136/93/93_inf7/remap/run_leaf_1_NC_007380_1_488241_refseq-viral.dust.fna/reference/run_leaf_523.sam
running: /televir/mngs_benchmark/mngs_environments/remap/remap/bin/samtools view -bS /tmp/insaFlu/influ_path_12970_22883580/televir_projects/7/136/93/93_inf7/remap/run_leaf_1_NC_007380_1_488241_refseq-viral.dust.fna/reference/run_leaf_523.sam > /tmp/insaFlu/influ_path_12970_22883580/televir_projects/7/136/93/93_inf7/remap/run_leaf_1_NC_007380_1_488241_refseq-viral.dust.fna/reference/run_leaf_523.bam
running: /televir/mngs_benchmark/mngs_environments/remap/remap/bin/samtools sort /tmp/insaFlu/influ_path_12970_22883580/televir_projects/7/136/93/93_inf7/remap/run_leaf_1_NC_007380_1_488241_refseq-viral.dust.fna/reference/run_leaf_523.bam -o /tmp/insaFlu/influ_path_12970_22883580/televir_projects/7/136/93/93_inf7/remap/run_leaf_1_NC_007380_1_488241_refseq-viral.dust.fna/reference/run_leaf_523.NC_007380_1.sorted.bam
running: /televir/mngs_benchmark/mngs_environments/remap/remap/bin/samtools index /tmp/insaFlu/influ_path_12970_22883580/televir_projects/7/136/93/93_inf7/remap/run_leaf_1_NC_007380_1_488241_refseq-viral.dust.fna/reference/run_leaf_523.NC_007380_1.sorted.bam
running: /televir/mngs_benchmark/mngs_environments/remap/remap/bin/samtools mpileup -f /tmp/insaFlu/influ_path_12970_22883580/televir_projects/7/136/93/93_inf7/remap/run_leaf_1_NC_007380_1_488241_refseq-viral.dust.fna/reference/run_leaf_523_NC_007380_1_ref.fa /tmp/insaFlu/influ_path_12970_22883580/televir_projects/7/136/93/93_inf7/remap/run_leaf_1_NC_007380_1_488241_refseq-viral.dust.fna/reference/run_leaf_523.NC_007380_1.sorted.bam > /tmp/insaFlu/influ_path_12970_22883580/televir_projects/7/136/93/93_inf7/remap/run_leaf_1_NC_007380_1_488241_refseq-viral.dust.fna/reference/run_leaf_523.vcf
running: /televir/mngs_benchmark/mngs_environments/remap/remap/bin/bedtools genomecov -ibam /tmp/insaFlu/influ_path_12970_22883580/televir_projects/7/136/93/93_inf7/remap/run_leaf_1_NC_007380_1_488241_refseq-viral.dust.fna/reference/run_leaf_523.NC_007380_1.sorted.bam -bga > /tmp/insaFlu/influ_path_12970_22883580/televir_projects/7/136/93/93_inf7/remap/run_leaf_1_NC_007380_1_488241_refseq-viral.dust.fna/reference/run_leaf_523.sorted.bedgraph
running: /televir/mngs_benchmark/mngs_environments/remap/remap/bin/samtools view -b -F 4 /tmp/insaFlu/influ_path_12970_22883580/televir_projects/7/136/93/93_inf7/remap/run_leaf_1_NC_007380_1_488241_refseq-viral.dust.fna/reference/run_leaf_523.NC_007380_1.sorted.bam > /tmp/insaFlu/influ_path_12970_22883580/televir_projects/7/136/93/93_inf7/remap/run_leaf_1_NC_007380_1_488241_refseq-viral.dust.fna/reference/temp651.bam
timeout: 18000 seconds
timeout: 18000 seconds
timeout: 18000 seconds
timeout: 18000 seconds
running: /televir/mngs_benchmark/mngs_environments/remap/remap/bin/minimap2 -t 5 -cx asm10 /tmp/insaFlu/influ_path_12970_22883580/televir_projects/7/136/93/93_inf7/remap/run_leaf_1_NC_007380_1_488241_refseq-viral.dust.fna/reference/run_leaf_523_NC_007380_1_ref.fa /tmp/insaFlu/influ_path_12970_22883580/televir_projects/7/136/93/93_inf7/assembly/run_leaf_519.fasta.gz > /tmp/insaFlu/influ_path_12970_22883580/televir_projects/7/136/93/93_inf7/remap/run_leaf_1_NC_007380_1_488241_refseq-viral.dust.fna/reference/run_leaf_523_NC_007380_1.paf
No contigs mapped, skipping dotplot
running: /televir/mngs_benchmark/mngs_environments/remap/remap/bin/samtools faidx /televir/mngs_benchmark/ref_fasta/virosaurus90_vertebrate-20200330.fas.gz 'MF678796:MF678796;' >> /tmp/insaFlu/influ_path_12970_22883580/televir_projects/7/136/93/93_inf7/remap/run_leaf_1_MF678796_1_2059380_virosaurus90_vertebrate-20200330.fas/reference/run_leaf_523_MF678796_1_ref.fa
No reads mapped, skipping coverage plot
No contigs mapped, skipping dotplot
running: /televir/mngs_benchmark/mngs_environments/remap/remap/bin/samtools faidx /televir/mngs_benchmark/ref_fasta/refseq-viral.dust.fna.gz 'NC_036582.1' >> /tmp/insaFlu/influ_path_12970_22883580/televir_projects/7/136/93/93_inf7/remap/run_leaf_1_NC_036582_1_2059380_refseq-viral.dust.fna/reference/run_leaf_523_NC_036582_1_ref.fa
running: /televir/mngs_benchmark/mngs_environments/remap/remap/bin/samtools faidx /tmp/insaFlu/influ_path_12970_22883580/televir_projects/7/136/93/93_inf7/remap/run_leaf_1_NC_036582_1_2059380_refseq-viral.dust.fna/reference/run_leaf_523_NC_036582_1_ref.fa
running: /televir/mngs_benchmark/mngs_environments/hostDepletion/hostdep_env/bin/minimap2 --secondary=no  -ax map-ont  -t 5 -ax map-ont /tmp/insaFlu/influ_path_12970_22883580/televir_projects/7/136/93/93_inf7/remap/run_leaf_1_NC_036582_1_2059380_refseq-viral.dust.fna/reference/run_leaf_523_NC_036582_1_ref.fa /tmp/insaFlu/influ_path_12970_22883580/televir_projects/7/136/93/93_inf7/reads/enriched/inf7stq.enriched.fastq.gz > /tmp/insaFlu/influ_path_12970_22883580/televir_projects/7/136/93/93_inf7/remap/run_leaf_1_NC_036582_1_2059380_refseq-viral.dust.fna/reference/run_leaf_523.sam
running: /televir/mngs_benchmark/mngs_environments/remap/remap/bin/samtools view -bS /tmp/insaFlu/influ_path_12970_22883580/televir_projects/7/136/93/93_inf7/remap/run_leaf_1_NC_036582_1_2059380_refseq-viral.dust.fna/reference/run_leaf_523.sam > /tmp/insaFlu/influ_path_12970_22883580/televir_projects/7/136/93/93_inf7/remap/run_leaf_1_NC_036582_1_2059380_refseq-viral.dust.fna/reference/run_leaf_523.bam
running: /televir/mngs_benchmark/mngs_environments/remap/remap/bin/samtools sort /tmp/insaFlu/influ_path_12970_22883580/televir_projects/7/136/93/93_inf7/remap/run_leaf_1_NC_036582_1_2059380_refseq-viral.dust.fna/reference/run_leaf_523.bam -o /tmp/insaFlu/influ_path_12970_22883580/televir_projects/7/136/93/93_inf7/remap/run_leaf_1_NC_036582_1_2059380_refseq-viral.dust.fna/reference/run_leaf_523.NC_036582_1.sorted.bam
running: /televir/mngs_benchmark/mngs_environments/remap/remap/bin/samtools index /tmp/insaFlu/influ_path_12970_22883580/televir_projects/7/136/93/93_inf7/remap/run_leaf_1_NC_036582_1_2059380_refseq-viral.dust.fna/reference/run_leaf_523.NC_036582_1.sorted.bam
running: /televir/mngs_benchmark/mngs_environments/remap/remap/bin/samtools mpileup -f /tmp/insaFlu/influ_path_12970_22883580/televir_projects/7/136/93/93_inf7/remap/run_leaf_1_NC_036582_1_2059380_refseq-viral.dust.fna/reference/run_leaf_523_NC_036582_1_ref.fa /tmp/insaFlu/influ_path_12970_22883580/televir_projects/7/136/93/93_inf7/remap/run_leaf_1_NC_036582_1_2059380_refseq-viral.dust.fna/reference/run_leaf_523.NC_036582_1.sorted.bam > /tmp/insaFlu/influ_path_12970_22883580/televir_projects/7/136/93/93_inf7/remap/run_leaf_1_NC_036582_1_2059380_refseq-viral.dust.fna/reference/run_leaf_523.vcf
running: /televir/mngs_benchmark/mngs_environments/remap/remap/bin/bedtools genomecov -ibam /tmp/insaFlu/influ_path_12970_22883580/televir_projects/7/136/93/93_inf7/remap/run_leaf_1_NC_036582_1_2059380_refseq-viral.dust.fna/reference/run_leaf_523.NC_036582_1.sorted.bam -bga > /tmp/insaFlu/influ_path_12970_22883580/televir_projects/7/136/93/93_inf7/remap/run_leaf_1_NC_036582_1_2059380_refseq-viral.dust.fna/reference/run_leaf_523.sorted.bedgraph
running: /televir/mngs_benchmark/mngs_environments/remap/remap/bin/samtools view -b -F 4 /tmp/insaFlu/influ_path_12970_22883580/televir_projects/7/136/93/93_inf7/remap/run_leaf_1_NC_036582_1_2059380_refseq-viral.dust.fna/reference/run_leaf_523.NC_036582_1.sorted.bam > /tmp/insaFlu/influ_path_12970_22883580/televir_projects/7/136/93/93_inf7/remap/run_leaf_1_NC_036582_1_2059380_refseq-viral.dust.fna/reference/temp813.bam
timeout: 18000 seconds
timeout: 18000 seconds
timeout: 18000 seconds
timeout: 18000 seconds
running: /televir/mngs_benchmark/mngs_environments/remap/remap/bin/minimap2 -t 5 -cx asm10 /tmp/insaFlu/influ_path_12970_22883580/televir_projects/7/136/93/93_inf7/remap/run_leaf_1_NC_036582_1_2059380_refseq-viral.dust.fna/reference/run_leaf_523_NC_036582_1_ref.fa /tmp/insaFlu/influ_path_12970_22883580/televir_projects/7/136/93/93_inf7/assembly/run_leaf_519.fasta.gz > /tmp/insaFlu/influ_path_12970_22883580/televir_projects/7/136/93/93_inf7/remap/run_leaf_1_NC_036582_1_2059380_refseq-viral.dust.fna/reference/run_leaf_523_NC_036582_1.paf
No reads mapped, skipping coverage plot
No contigs mapped, skipping dotplot
running: /televir/mngs_benchmark/mngs_environments/remap/remap/bin/samtools faidx /televir/mngs_benchmark/ref_fasta/refseq-viral.dust.fna.gz 'NC_008724.1' >> /tmp/insaFlu/influ_path_12970_22883580/televir_projects/7/136/93/93_inf7/remap/run_leaf_1_NC_008724_1_322019_refseq-viral.dust.fna/reference/run_leaf_523_NC_008724_1_ref.fa
running: /televir/mngs_benchmark/mngs_environments/remap/remap/bin/samtools faidx /tmp/insaFlu/influ_path_12970_22883580/televir_projects/7/136/93/93_inf7/remap/run_leaf_1_NC_008724_1_322019_refseq-viral.dust.fna/reference/run_leaf_523_NC_008724_1_ref.fa
running: /televir/mngs_benchmark/mngs_environments/hostDepletion/hostdep_env/bin/minimap2 --secondary=no  -ax map-ont  -t 5 -ax map-ont /tmp/insaFlu/influ_path_12970_22883580/televir_projects/7/136/93/93_inf7/remap/run_leaf_1_NC_008724_1_322019_refseq-viral.dust.fna/reference/run_leaf_523_NC_008724_1_ref.fa /tmp/insaFlu/influ_path_12970_22883580/televir_projects/7/136/93/93_inf7/reads/enriched/inf7stq.enriched.fastq.gz > /tmp/insaFlu/influ_path_12970_22883580/televir_projects/7/136/93/93_inf7/remap/run_leaf_1_NC_008724_1_322019_refseq-viral.dust.fna/reference/run_leaf_523.sam
running: /televir/mngs_benchmark/mngs_environments/remap/remap/bin/samtools view -bS /tmp/insaFlu/influ_path_12970_22883580/televir_projects/7/136/93/93_inf7/remap/run_leaf_1_NC_008724_1_322019_refseq-viral.dust.fna/reference/run_leaf_523.sam > /tmp/insaFlu/influ_path_12970_22883580/televir_projects/7/136/93/93_inf7/remap/run_leaf_1_NC_008724_1_322019_refseq-viral.dust.fna/reference/run_leaf_523.bam
running: /televir/mngs_benchmark/mngs_environments/remap/remap/bin/samtools sort /tmp/insaFlu/influ_path_12970_22883580/televir_projects/7/136/93/93_inf7/remap/run_leaf_1_NC_008724_1_322019_refseq-viral.dust.fna/reference/run_leaf_523.bam -o /tmp/insaFlu/influ_path_12970_22883580/televir_projects/7/136/93/93_inf7/remap/run_leaf_1_NC_008724_1_322019_refseq-viral.dust.fna/reference/run_leaf_523.NC_008724_1.sorted.bam
running: /televir/mngs_benchmark/mngs_environments/remap/remap/bin/samtools index /tmp/insaFlu/influ_path_12970_22883580/televir_projects/7/136/93/93_inf7/remap/run_leaf_1_NC_008724_1_322019_refseq-viral.dust.fna/reference/run_leaf_523.NC_008724_1.sorted.bam
running: /televir/mngs_benchmark/mngs_environments/remap/remap/bin/samtools mpileup -f /tmp/insaFlu/influ_path_12970_22883580/televir_projects/7/136/93/93_inf7/remap/run_leaf_1_NC_008724_1_322019_refseq-viral.dust.fna/reference/run_leaf_523_NC_008724_1_ref.fa /tmp/insaFlu/influ_path_12970_22883580/televir_projects/7/136/93/93_inf7/remap/run_leaf_1_NC_008724_1_322019_refseq-viral.dust.fna/reference/run_leaf_523.NC_008724_1.sorted.bam > /tmp/insaFlu/influ_path_12970_22883580/televir_projects/7/136/93/93_inf7/remap/run_leaf_1_NC_008724_1_322019_refseq-viral.dust.fna/reference/run_leaf_523.vcf
running: /televir/mngs_benchmark/mngs_environments/remap/remap/bin/bedtools genomecov -ibam /tmp/insaFlu/influ_path_12970_22883580/televir_projects/7/136/93/93_inf7/remap/run_leaf_1_NC_008724_1_322019_refseq-viral.dust.fna/reference/run_leaf_523.NC_008724_1.sorted.bam -bga > /tmp/insaFlu/influ_path_12970_22883580/televir_projects/7/136/93/93_inf7/remap/run_leaf_1_NC_008724_1_322019_refseq-viral.dust.fna/reference/run_leaf_523.sorted.bedgraph
running: /televir/mngs_benchmark/mngs_environments/remap/remap/bin/samtools view -b -F 4 /tmp/insaFlu/influ_path_12970_22883580/televir_projects/7/136/93/93_inf7/remap/run_leaf_1_NC_008724_1_322019_refseq-viral.dust.fna/reference/run_leaf_523.NC_008724_1.sorted.bam > /tmp/insaFlu/influ_path_12970_22883580/televir_projects/7/136/93/93_inf7/remap/run_leaf_1_NC_008724_1_322019_refseq-viral.dust.fna/reference/temp627.bam
timeout: 18000 seconds
timeout: 18000 seconds
timeout: 18000 seconds
timeout: 18000 seconds
running: /televir/mngs_benchmark/mngs_environments/remap/remap/bin/minimap2 -t 5 -cx asm10 /tmp/insaFlu/influ_path_12970_22883580/televir_projects/7/136/93/93_inf7/remap/run_leaf_1_NC_008724_1_322019_refseq-viral.dust.fna/reference/run_leaf_523_NC_008724_1_ref.fa /tmp/insaFlu/influ_path_12970_22883580/televir_projects/7/136/93/93_inf7/assembly/run_leaf_519.fasta.gz > /tmp/insaFlu/influ_path_12970_22883580/televir_projects/7/136/93/93_inf7/remap/run_leaf_1_NC_008724_1_322019_refseq-viral.dust.fna/reference/run_leaf_523_NC_008724_1.paf
No reads mapped, skipping coverage plot
No contigs mapped, skipping dotplot
running: /televir/mngs_benchmark/mngs_environments/remap/remap/bin/samtools faidx /televir/mngs_benchmark/ref_fasta/refseq-viral.dust.fna.gz 'NC_032111.1' >> /tmp/insaFlu/influ_path_12970_22883580/televir_projects/7/136/93/93_inf7/remap/run_leaf_1_NC_032111_1_67082_refseq-viral.dust.fna/reference/run_leaf_523_NC_032111_1_ref.fa
running: /televir/mngs_benchmark/mngs_environments/remap/remap/bin/samtools faidx /tmp/insaFlu/influ_path_12970_22883580/televir_projects/7/136/93/93_inf7/remap/run_leaf_1_NC_032111_1_67082_refseq-viral.dust.fna/reference/run_leaf_523_NC_032111_1_ref.fa
running: /televir/mngs_benchmark/mngs_environments/hostDepletion/hostdep_env/bin/minimap2 --secondary=no  -ax map-ont  -t 5 -ax map-ont /tmp/insaFlu/influ_path_12970_22883580/televir_projects/7/136/93/93_inf7/remap/run_leaf_1_NC_032111_1_67082_refseq-viral.dust.fna/reference/run_leaf_523_NC_032111_1_ref.fa /tmp/insaFlu/influ_path_12970_22883580/televir_projects/7/136/93/93_inf7/reads/enriched/inf7stq.enriched.fastq.gz > /tmp/insaFlu/influ_path_12970_22883580/televir_projects/7/136/93/93_inf7/remap/run_leaf_1_NC_032111_1_67082_refseq-viral.dust.fna/reference/run_leaf_523.sam
running: /televir/mngs_benchmark/mngs_environments/remap/remap/bin/samtools view -bS /tmp/insaFlu/influ_path_12970_22883580/televir_projects/7/136/93/93_inf7/remap/run_leaf_1_NC_032111_1_67082_refseq-viral.dust.fna/reference/run_leaf_523.sam > /tmp/insaFlu/influ_path_12970_22883580/televir_projects/7/136/93/93_inf7/remap/run_leaf_1_NC_032111_1_67082_refseq-viral.dust.fna/reference/run_leaf_523.bam
running: /televir/mngs_benchmark/mngs_environments/remap/remap/bin/samtools sort /tmp/insaFlu/influ_path_12970_22883580/televir_projects/7/136/93/93_inf7/remap/run_leaf_1_NC_032111_1_67082_refseq-viral.dust.fna/reference/run_leaf_523.bam -o /tmp/insaFlu/influ_path_12970_22883580/televir_projects/7/136/93/93_inf7/remap/run_leaf_1_NC_032111_1_67082_refseq-viral.dust.fna/reference/run_leaf_523.NC_032111_1.sorted.bam
running: /televir/mngs_benchmark/mngs_environments/remap/remap/bin/samtools index /tmp/insaFlu/influ_path_12970_22883580/televir_projects/7/136/93/93_inf7/remap/run_leaf_1_NC_032111_1_67082_refseq-viral.dust.fna/reference/run_leaf_523.NC_032111_1.sorted.bam
running: /televir/mngs_benchmark/mngs_environments/remap/remap/bin/samtools mpileup -f /tmp/insaFlu/influ_path_12970_22883580/televir_projects/7/136/93/93_inf7/remap/run_leaf_1_NC_032111_1_67082_refseq-viral.dust.fna/reference/run_leaf_523_NC_032111_1_ref.fa /tmp/insaFlu/influ_path_12970_22883580/televir_projects/7/136/93/93_inf7/remap/run_leaf_1_NC_032111_1_67082_refseq-viral.dust.fna/reference/run_leaf_523.NC_032111_1.sorted.bam > /tmp/insaFlu/influ_path_12970_22883580/televir_projects/7/136/93/93_inf7/remap/run_leaf_1_NC_032111_1_67082_refseq-viral.dust.fna/reference/run_leaf_523.vcf
running: /televir/mngs_benchmark/mngs_environments/remap/remap/bin/bedtools genomecov -ibam /tmp/insaFlu/influ_path_12970_22883580/televir_projects/7/136/93/93_inf7/remap/run_leaf_1_NC_032111_1_67082_refseq-viral.dust.fna/reference/run_leaf_523.NC_032111_1.sorted.bam -bga > /tmp/insaFlu/influ_path_12970_22883580/televir_projects/7/136/93/93_inf7/remap/run_leaf_1_NC_032111_1_67082_refseq-viral.dust.fna/reference/run_leaf_523.sorted.bedgraph
running: /televir/mngs_benchmark/mngs_environments/remap/remap/bin/samtools view -b -F 4 /tmp/insaFlu/influ_path_12970_22883580/televir_projects/7/136/93/93_inf7/remap/run_leaf_1_NC_032111_1_67082_refseq-viral.dust.fna/reference/run_leaf_523.NC_032111_1.sorted.bam > /tmp/insaFlu/influ_path_12970_22883580/televir_projects/7/136/93/93_inf7/remap/run_leaf_1_NC_032111_1_67082_refseq-viral.dust.fna/reference/temp610.bam
timeout: 18000 seconds
timeout: 18000 seconds
timeout: 18000 seconds
timeout: 18000 seconds
running: /televir/mngs_benchmark/mngs_environments/remap/remap/bin/minimap2 -t 5 -cx asm10 /tmp/insaFlu/influ_path_12970_22883580/televir_projects/7/136/93/93_inf7/remap/run_leaf_1_NC_032111_1_67082_refseq-viral.dust.fna/reference/run_leaf_523_NC_032111_1_ref.fa /tmp/insaFlu/influ_path_12970_22883580/televir_projects/7/136/93/93_inf7/assembly/run_leaf_519.fasta.gz > /tmp/insaFlu/influ_path_12970_22883580/televir_projects/7/136/93/93_inf7/remap/run_leaf_1_NC_032111_1_67082_refseq-viral.dust.fna/reference/run_leaf_523_NC_032111_1.paf
No reads mapped, skipping coverage plot
No contigs mapped, skipping dotplot
mapped_instances_shared
14
/tmp/insaFlu/influ_path_12970_22883580/televir_projects/7/136/93/93_inf7/reads/enriched/inf7stq.enriched.fastq.gz
{'211044', '130760', '335341', '93838', '322019', '1332244', '488241', '2059380', '11320', '641809', '67082'}
/tmp/insaFlu/influ_path_12970_22883580/televir_projects/7/136/93/93_inf7/reads/enriched/inf7stq.enriched.fastq.gz
{'211044', '93838', '335341', '130760', '1332244', '159150', '641809', '67082', '35306'}
deployment_success: True
updated nodes
registering node:  523 leaves:  [523]
<pathogen_identification.utilities.tree_deployment.Tree_Node object at 0x7f523dffec50> [523]
METHOD ARGS
         parameter  ...                 module
1  CENTRIFUGE_ARGS  ...       Viral enrichment
1  CENTRIFUGE_ARGS  ...       Viral enrichment
1       KAIJU_ARGS  ...    Read classification
1       RAVEN_ARGS  ...               Assembly
1      BLASTN_ARGS  ...  Contig classification
1    MINIMAP2_ARGS  ...              Remapping
1    MINIMAP2_ARGS  ...              Remapping

[7 rows x 5 columns]
Module: Remapping, Software: minimap2, Args: --secondary=no  -ax map-ont , DB: , Bin: /televir/mngs_benchmark/mngs_environments/hostDepletion/hostdep_env/bin, Dir: /tmp/insaFlu/influ_path_12970_22883580/televir_projects/7/136/93/93_inf7/remap/
Submitting node run: 523
registering node
Registration success: True
##### UPDATING ASSEMBLY DBS ######
raven
##### UPDATING CLASSIFICATION DBS ######
Remapping
exporting remapping
updating refmap_dbs run run_leaf_523
registering node:  530 leaves:  [530]
<pathogen_identification.utilities.tree_deployment.Tree_Node object at 0x7f523da462e8> [530]
METHOD ARGS
         parameter  ...                 module
1  CENTRIFUGE_ARGS  ...       Viral enrichment
1  CENTRIFUGE_ARGS  ...       Viral enrichment
1  KRAKENUNIQ_ARGS  ...    Read classification
1       RAVEN_ARGS  ...               Assembly
1      BLASTN_ARGS  ...  Contig classification
1    MINIMAP2_ARGS  ...              Remapping
1    MINIMAP2_ARGS  ...              Remapping

[7 rows x 5 columns]
Module: Remapping, Software: minimap2, Args: --secondary=no  -ax map-ont , DB: , Bin: /televir/mngs_benchmark/mngs_environments/hostDepletion/hostdep_env/bin, Dir: /tmp/insaFlu/influ_path_12970_22883580/televir_projects/7/136/93/93_inf7/remap/
Submitting node run: 530
registering node
Registration success: True
##### UPDATING ASSEMBLY DBS ######
raven
##### UPDATING CLASSIFICATION DBS ######
Remapping
exporting remapping
updating refmap_dbs run run_leaf_530
